TN:
SF:script/DeployCaveatEnforcers.s.sol
DA:59,0
FN:59,DeployCaveatEnforcers.setUp
FNDA:0,DeployCaveatEnforcers.setUp
DA:60,0
DA:61,0
DA:63,0
DA:64,0
DA:65,0
DA:66,0
DA:67,0
DA:68,0
DA:71,0
FN:71,DeployCaveatEnforcers.run
FNDA:0,DeployCaveatEnforcers.run
DA:72,0
DA:73,0
DA:75,0
DA:77,0
DA:78,0
DA:80,0
DA:81,0
DA:83,0
DA:84,0
DA:86,0
DA:87,0
DA:89,0
DA:90,0
DA:92,0
DA:93,0
DA:95,0
DA:96,0
DA:98,0
DA:99,0
DA:101,0
DA:102,0
DA:104,0
DA:105,0
DA:107,0
DA:108,0
DA:110,0
DA:111,0
DA:113,0
DA:114,0
DA:116,0
DA:117,0
DA:119,0
DA:120,0
DA:122,0
DA:123,0
DA:125,0
DA:126,0
DA:128,0
DA:129,0
DA:131,0
DA:132,0
DA:134,0
DA:135,0
DA:137,0
DA:138,0
DA:140,0
DA:141,0
DA:143,0
DA:145,0
DA:147,0
DA:148,0
DA:150,0
DA:151,0
DA:153,0
DA:154,0
DA:156,0
DA:157,0
DA:159,0
DA:160,0
DA:162,0
DA:163,0
DA:165,0
DA:166,0
DA:168,0
DA:169,0
DA:171,0
DA:172,0
DA:174,0
DA:175,0
DA:177,0
DA:178,0
DA:180,0
DA:181,0
DA:183,0
DA:184,0
DA:186,0
FNF:2
FNH:0
LF:86
LH:0
BRF:0
BRH:0
end_of_record
TN:
SF:script/DeployDelegationFramework.s.sol
DA:25,0
FN:25,DeployDelegationFramework.setUp
FNDA:0,DeployDelegationFramework.setUp
DA:26,0
DA:27,0
DA:28,0
DA:29,0
DA:30,0
DA:31,0
DA:32,0
DA:33,0
DA:36,0
FN:36,DeployDelegationFramework.run
FNDA:0,DeployDelegationFramework.run
DA:37,0
DA:38,0
DA:40,0
DA:43,0
DA:44,0
DA:46,0
DA:47,0
DA:49,0
DA:50,0
DA:52,0
FNF:2
FNH:0
LF:20
LH:0
BRF:0
BRH:0
end_of_record
TN:
SF:script/DeployDelegationMetaSwapAdapter.s.sol
DA:64,0
FN:64,DeployDelegationMetaSwapAdapter.setUp
FNDA:0,DeployDelegationMetaSwapAdapter.setUp
DA:65,0
DA:66,0
DA:67,0
DA:68,0
DA:69,0
DA:70,0
DA:72,0
DA:74,0
DA:75,0
DA:78,0
FN:78,DeployDelegationMetaSwapAdapter.run
FNDA:0,DeployDelegationMetaSwapAdapter.run
DA:79,0
DA:80,0
DA:82,0
DA:85,0
DA:87,0
BRDA:87,0,0,-
BRDA:87,0,1,-
DA:88,0
DA:90,0
DA:93,0
DA:107,0
FN:107,DeployDelegationMetaSwapAdapter._pairLimits
FNDA:0,DeployDelegationMetaSwapAdapter._pairLimits
DA:108,0
DA:111,0
DA:112,0
DA:115,0
DA:118,0
DA:121,0
DA:124,0
DA:127,0
DA:130,0
DA:134,0
FN:134,DeployDelegationMetaSwapAdapter._pair
FNDA:0,DeployDelegationMetaSwapAdapter._pair
DA:144,0
DA:155,0
FN:155,DeployDelegationMetaSwapAdapter._configure
FNDA:0,DeployDelegationMetaSwapAdapter._configure
DA:156,0
BRDA:156,1,0,-
DA:157,0
DA:158,0
DA:159,0
DA:160,0
DA:164,0
DA:165,0
BRDA:165,2,0,-
DA:166,0
DA:167,0
DA:168,0
DA:169,0
DA:170,0
DA:180,0
FN:180,DeployDelegationMetaSwapAdapter._logManualConfigInstructions
FNDA:0,DeployDelegationMetaSwapAdapter._logManualConfigInstructions
DA:181,0
DA:182,0
DA:183,0
DA:185,0
BRDA:185,3,0,-
DA:186,0
DA:187,0
DA:188,0
DA:192,0
DA:193,0
BRDA:193,4,0,-
DA:194,0
DA:195,0
DA:196,0
DA:197,0
DA:213,0
FN:213,DeployDelegationMetaSwapAdapter._readAddressArray
FNDA:0,DeployDelegationMetaSwapAdapter._readAddressArray
DA:214,0
DA:215,0
BRDA:215,5,0,-
DA:216,0
DA:219,0
FN:219,DeployDelegationMetaSwapAdapter._trueArray
FNDA:0,DeployDelegationMetaSwapAdapter._trueArray
DA:220,0
DA:221,0
DA:222,0
DA:226,0
FN:226,DeployDelegationMetaSwapAdapter._validateInputs
FNDA:0,DeployDelegationMetaSwapAdapter._validateInputs
DA:227,0
BRDA:227,6,0,-
BRDA:227,6,1,-
DA:228,0
BRDA:228,7,0,-
BRDA:228,7,1,-
DA:229,0
BRDA:229,8,0,-
BRDA:229,8,1,-
DA:230,0
BRDA:230,9,0,-
BRDA:230,9,1,-
DA:233,0
FN:233,DeployDelegationMetaSwapAdapter._logConfig
FNDA:0,DeployDelegationMetaSwapAdapter._logConfig
DA:234,0
DA:236,0
DA:237,0
DA:238,0
DA:239,0
DA:240,0
DA:241,0
DA:242,0
DA:243,0
DA:244,0
DA:246,0
DA:247,0
DA:248,0
DA:251,0
DA:252,0
DA:253,0
DA:254,0
FNF:10
FNH:0
LF:89
LH:0
BRF:15
BRH:0
end_of_record
TN:
SF:script/DeployEIP7702StatelessDeleGator.s.sol
DA:24,0
FN:24,DeployEIP7702StatelessDeleGator.setUp
FNDA:0,DeployEIP7702StatelessDeleGator.setUp
DA:25,0
DA:26,0
DA:27,0
DA:28,0
DA:29,0
DA:30,0
DA:31,0
DA:32,0
DA:33,0
DA:34,0
DA:37,0
FN:37,DeployEIP7702StatelessDeleGator.run
FNDA:0,DeployEIP7702StatelessDeleGator.run
DA:38,0
DA:39,0
DA:41,0
DA:45,0
DA:46,0
DA:48,0
FNF:2
FNH:0
LF:18
LH:0
BRF:0
BRH:0
end_of_record
TN:
SF:script/DeployMultiSigDeleGator.s.sol
DA:23,0
FN:23,DeployMultiSigDeleGator.setUp
FNDA:0,DeployMultiSigDeleGator.setUp
DA:24,0
DA:25,0
DA:26,0
DA:27,0
DA:28,0
DA:29,0
DA:30,0
DA:31,0
DA:34,0
FN:34,DeployMultiSigDeleGator.run
FNDA:0,DeployMultiSigDeleGator.run
DA:35,0
DA:36,0
DA:38,0
DA:39,0
DA:40,0
DA:42,0
DA:48,0
DA:50,0
FNF:2
FNH:0
LF:18
LH:0
BRF:0
BRH:0
end_of_record
TN:
SF:script/DeploySimpleFactory.s.sol
DA:21,0
FN:21,DeploySimpleFactory.setUp
FNDA:0,DeploySimpleFactory.setUp
DA:22,0
DA:23,0
DA:24,0
DA:25,0
DA:26,0
DA:27,0
DA:30,0
FN:30,DeploySimpleFactory.run
FNDA:0,DeploySimpleFactory.run
DA:31,0
DA:32,0
DA:34,0
DA:35,0
DA:37,0
FNF:2
FNH:0
LF:13
LH:0
BRF:0
BRH:0
end_of_record
TN:
SF:script/SignDelegationWithSafe.s.sol
DA:51,0
FN:51,SignDelegationWithSafe.setUp
FNDA:0,SignDelegationWithSafe.setUp
DA:52,0
DA:53,0
DA:54,0
DA:55,0
DA:56,0
DA:57,0
DA:58,0
DA:60,0
DA:61,0
DA:62,0
DA:63,0
DA:64,0
DA:65,0
DA:66,0
DA:67,0
DA:68,0
DA:69,0
DA:70,0
BRDA:70,0,0,-
DA:71,0
DA:73,0
BRDA:73,1,0,-
DA:74,0
DA:80,0
FN:80,SignDelegationWithSafe.run
FNDA:0,SignDelegationWithSafe.run
DA:81,0
DA:87,0
FN:87,SignDelegationWithSafe.runERC20Transfer
FNDA:0,SignDelegationWithSafe.runERC20Transfer
DA:88,0
DA:91,0
DA:94,0
DA:97,0
DA:100,0
DA:108,0
FN:108,SignDelegationWithSafe.runSwap
FNDA:0,SignDelegationWithSafe.runSwap
DA:109,0
BRDA:109,2,0,-
BRDA:109,2,1,-
DA:110,0
BRDA:110,3,0,-
BRDA:110,3,1,-
DA:112,0
DA:115,0
DA:118,0
DA:121,0
DA:122,0
DA:125,0
DA:128,0
DA:133,0
FN:133,SignDelegationWithSafe.runBridge
FNDA:0,SignDelegationWithSafe.runBridge
DA:134,0
DA:137,0
DA:140,0
DA:143,0
DA:146,0
DA:152,0
FN:152,SignDelegationWithSafe._signDelegation
FNDA:0,SignDelegationWithSafe._signDelegation
DA:158,0
DA:159,0
DA:160,0
DA:161,0
DA:162,0
DA:163,0
DA:164,0
DA:165,0
DA:166,0
DA:167,0
DA:168,0
DA:170,0
DA:179,0
DA:186,0
FN:186,SignDelegationWithSafe._createERC20TransferDelegation
FNDA:0,SignDelegationWithSafe._createERC20TransferDelegation
DA:188,0
DA:189,0
DA:190,0
DA:193,0
DA:194,0
DA:198,0
DA:201,0
DA:205,0
DA:206,0
DA:207,0
DA:210,0
DA:211,0
DA:212,0
DA:213,0
DA:215,0
DA:216,0
DA:222,0
FN:222,SignDelegationWithSafe._createSwapVaultDelegation
FNDA:0,SignDelegationWithSafe._createSwapVaultDelegation
DA:223,0
DA:224,0
DA:226,0
DA:227,0
DA:229,0
DA:237,0
DA:244,0
FN:244,SignDelegationWithSafe._createSwapSubVaultDelegation
FNDA:0,SignDelegationWithSafe._createSwapSubVaultDelegation
DA:245,0
DA:253,0
DA:259,0
FN:259,SignDelegationWithSafe._signSubVaultDelegation
FNDA:0,SignDelegationWithSafe._signSubVaultDelegation
DA:260,0
DA:261,0
DA:262,0
DA:263,0
DA:265,0
DA:278,0
FN:278,SignDelegationWithSafe._createBridgeDelegation
FNDA:0,SignDelegationWithSafe._createBridgeDelegation
DA:280,0
DA:281,0
DA:284,0
DA:285,0
DA:288,0
DA:289,0
DA:292,0
DA:293,0
DA:294,0
DA:296,0
DA:297,0
DA:303,0
FN:303,SignDelegationWithSafe._createDelegation
FNDA:0,SignDelegationWithSafe._createDelegation
DA:304,0
DA:316,0
FN:316,SignDelegationWithSafe._createERC20TransferExecution
FNDA:0,SignDelegationWithSafe._createERC20TransferExecution
DA:317,0
DA:318,0
DA:319,0
DA:321,0
DA:323,0
DA:324,0
DA:334,0
FN:334,SignDelegationWithSafe.exampleSwapByDelegation
FNDA:0,SignDelegationWithSafe.exampleSwapByDelegation
DA:336,0
DA:337,0
DA:338,0
DA:340,0
DA:341,0
DA:342,0
DA:343,0
DA:344,0
DA:345,0
DA:346,0
DA:347,0
DA:348,0
DA:353,0
FN:353,SignDelegationWithSafe._createBridgeExecution
FNDA:0,SignDelegationWithSafe._createBridgeExecution
DA:354,0
DA:356,0
DA:358,0
DA:359,0
DA:371,0
FN:371,SignDelegationWithSafe.prepareRedeemDelegationsInputs
FNDA:0,SignDelegationWithSafe.prepareRedeemDelegationsInputs
DA:381,0
DA:382,0
DA:384,0
DA:385,0
DA:389,0
DA:390,0
DA:394,0
DA:395,0
DA:404,0
FN:404,SignDelegationWithSafe.exampleRedeemDelegations
FNDA:0,SignDelegationWithSafe.exampleRedeemDelegations
DA:406,0
DA:407,0
DA:410,0
DA:411,0
DA:412,0
DA:413,0
DA:414,0
DA:415,0
DA:416,0
FNF:17
FNH:0
LF:151
LH:0
BRF:6
BRH:0
end_of_record
TN:
SF:script/SignMetaSwapAdapterDelegationWithSafe.s.sol
DA:45,0
FN:45,SignMetaSwapAdapterDelegationWithSafe.setUp
FNDA:0,SignMetaSwapAdapterDelegationWithSafe.setUp
DA:46,0
DA:47,0
DA:48,0
DA:49,0
DA:50,0
DA:51,0
DA:52,0
DA:53,0
DA:55,0
DA:56,0
DA:57,0
DA:58,0
DA:59,0
DA:62,0
FN:62,SignMetaSwapAdapterDelegationWithSafe.run
FNDA:0,SignMetaSwapAdapterDelegationWithSafe.run
DA:63,0
DA:64,0
DA:66,0
DA:67,0
DA:68,0
DA:69,0
DA:71,0
DA:73,0
DA:74,0
DA:77,0
FN:77,SignMetaSwapAdapterDelegationWithSafe._createDelegation
FNDA:0,SignMetaSwapAdapterDelegationWithSafe._createDelegation
DA:79,0
DA:81,0
DA:82,0
DA:84,0
DA:86,0
DA:96,0
FN:96,SignMetaSwapAdapterDelegationWithSafe._signDelegation
FNDA:0,SignMetaSwapAdapterDelegationWithSafe._signDelegation
DA:101,0
DA:102,0
DA:103,0
DA:104,0
DA:105,0
DA:106,0
DA:107,0
DA:108,0
DA:110,0
DA:117,0
DA:121,0
FN:121,SignMetaSwapAdapterDelegationWithSafe._logSwapByDelegationContext
FNDA:0,SignMetaSwapAdapterDelegationWithSafe._logSwapByDelegationContext
DA:122,0
DA:123,0
DA:125,0
DA:126,0
DA:127,0
DA:131,0
FN:131,SignMetaSwapAdapterDelegationWithSafe._examplePullFundsExecution
FNDA:0,SignMetaSwapAdapterDelegationWithSafe._examplePullFundsExecution
DA:132,0
DA:133,0
DA:135,0
BRDA:135,0,0,-
BRDA:135,0,1,-
DA:136,0
DA:138,0
DA:139,0
DA:143,0
FN:143,SignMetaSwapAdapterDelegationWithSafe._logRedeemDelegationsSample
FNDA:0,SignMetaSwapAdapterDelegationWithSafe._logRedeemDelegationsSample
DA:144,0
DA:145,0
DA:147,0
DA:148,0
DA:150,0
DA:151,0
DA:153,0
DA:154,0
DA:156,0
DA:157,0
DA:158,0
DA:159,0
DA:160,0
DA:161,0
DA:162,0
DA:163,0
FNF:7
FNH:0
LF:71
LH:0
BRF:2
BRH:0
end_of_record
TN:
SF:script/SignPeriodDelegationsWithSafe.s.sol
DA:44,0
FN:44,SignPeriodDelegationsWithSafe.setUp
FNDA:0,SignPeriodDelegationsWithSafe.setUp
DA:45,0
DA:46,0
DA:47,0
DA:48,0
DA:49,0
DA:50,0
DA:51,0
DA:52,0
DA:55,0
FN:55,SignPeriodDelegationsWithSafe.run
FNDA:0,SignPeriodDelegationsWithSafe.run
DA:56,0
DA:57,0
DA:58,0
DA:59,0
DA:60,0
DA:62,0
DA:63,0
DA:64,0
DA:65,0
DA:66,0
DA:67,0
DA:70,0
FN:70,SignPeriodDelegationsWithSafe._signDelegation
FNDA:0,SignPeriodDelegationsWithSafe._signDelegation
DA:75,0
DA:76,0
DA:77,0
DA:78,0
DA:79,0
DA:80,0
DA:81,0
DA:82,0
DA:84,0
DA:91,0
DA:94,0
FN:94,SignPeriodDelegationsWithSafe._createERC20PeriodDelegation
FNDA:0,SignPeriodDelegationsWithSafe._createERC20PeriodDelegation
DA:95,0
DA:96,0
DA:97,0
DA:101,0
DA:104,0
DA:107,0
DA:110,0
DA:112,0
DA:113,0
DA:114,0
DA:115,0
DA:117,0
DA:127,0
FN:127,SignPeriodDelegationsWithSafe._createNativePeriodDelegation
FNDA:0,SignPeriodDelegationsWithSafe._createNativePeriodDelegation
DA:128,0
DA:129,0
DA:133,0
DA:136,0
DA:139,0
DA:141,0
DA:142,0
DA:143,0
DA:145,0
DA:155,0
FN:155,SignPeriodDelegationsWithSafe._createERC20PeriodExecution
FNDA:0,SignPeriodDelegationsWithSafe._createERC20PeriodExecution
DA:156,0
DA:157,0
DA:160,0
FN:160,SignPeriodDelegationsWithSafe._createNativePeriodExecution
FNDA:0,SignPeriodDelegationsWithSafe._createNativePeriodExecution
DA:161,0
DA:164,0
FN:164,SignPeriodDelegationsWithSafe._logRedeemInputs
FNDA:0,SignPeriodDelegationsWithSafe._logRedeemInputs
DA:165,0
DA:166,0
DA:168,0
DA:169,0
DA:171,0
DA:172,0
DA:174,0
DA:175,0
DA:177,0
DA:178,0
DA:179,0
DA:180,0
DA:181,0
DA:182,0
FNF:8
FNH:0
LF:75
LH:0
BRF:0
BRH:0
end_of_record
TN:
SF:script/helpers/SafeDelegationSigner.sol
DA:53,0
FN:53,SafeDelegationSigner.createDelegationHash
FNDA:0,SafeDelegationSigner.createDelegationHash
DA:54,0
DA:63,0
FN:63,SafeDelegationSigner.getDelegationTypedDataHash
FNDA:0,SafeDelegationSigner.getDelegationTypedDataHash
DA:71,0
DA:72,0
DA:83,0
FN:83,SafeDelegationSigner.getSafeMessageHash
FNDA:0,SafeDelegationSigner.getSafeMessageHash
DA:91,0
DA:92,0
DA:93,0
DA:107,0
FN:107,SafeDelegationSigner.signAndSort
FNDA:0,SafeDelegationSigner.signAndSort
DA:116,0
BRDA:116,0,0,-
BRDA:116,0,1,-
DA:117,0
BRDA:117,1,0,-
BRDA:117,1,1,-
DA:120,0
DA:121,0
DA:123,0
DA:124,0
DA:125,0
DA:126,0
BRDA:126,2,0,-
BRDA:126,2,1,-
DA:131,0
DA:132,0
DA:133,0
DA:134,0
DA:136,0
DA:137,0
DA:138,0
DA:139,0
DA:142,0
DA:143,0
DA:147,0
DA:148,0
BRDA:148,3,0,-
BRDA:148,3,1,-
DA:152,0
DA:153,0
DA:154,0
DA:157,0
DA:158,0
DA:172,0
FN:172,SafeDelegationSigner.verifySignature
FNDA:0,SafeDelegationSigner.verifySignature
DA:181,0
DA:182,0
DA:184,0
DA:185,0
DA:187,0
BRDA:187,4,0,-
BRDA:187,4,1,-
DA:188,0
DA:189,0
DA:190,0
BRDA:190,5,0,-
BRDA:190,5,1,-
DA:191,0
DA:192,0
DA:194,0
DA:195,0
DA:206,0
FN:206,SafeDelegationSigner.signDelegationWithSafe
FNDA:0,SafeDelegationSigner.signDelegationWithSafe
DA:215,0
DA:216,0
DA:217,0
DA:220,0
DA:221,0
DA:222,0
DA:225,0
DA:226,0
DA:227,0
DA:230,0
DA:233,0
DA:234,0
BRDA:234,6,0,-
BRDA:234,6,1,-
DA:237,0
DA:246,0
DA:247,0
FNF:6
FNH:0
LF:64
LH:0
BRF:14
BRH:0
end_of_record
TN:
SF:src/DeleGatorCore.sol
DA:97,0
FN:97,DeleGatorCore.onlyEntryPoint
FNDA:0,DeleGatorCore.onlyEntryPoint
DA:98,0
BRDA:98,0,0,-
DA:106,0
FN:106,DeleGatorCore.onlyEntryPointOrSelf
FNDA:0,DeleGatorCore.onlyEntryPointOrSelf
DA:107,0
BRDA:107,1,0,-
DA:115,0
FN:115,DeleGatorCore.onlyDelegationManager
FNDA:0,DeleGatorCore.onlyDelegationManager
DA:116,0
BRDA:116,2,0,-
DA:130,0
FN:130,DeleGatorCore.constructor
FNDA:0,DeleGatorCore.constructor
DA:138,0
DA:139,0
DA:140,0
DA:141,0
DA:142,0
DA:160,0
FN:160,DeleGatorCore.redeemDelegations
FNDA:0,DeleGatorCore.redeemDelegations
DA:168,0
DA:177,0
FN:177,DeleGatorCore.execute.0
FNDA:0,DeleGatorCore.execute.0
DA:178,0
DA:188,0
FN:188,DeleGatorCore.execute.1
FNDA:0,DeleGatorCore.execute.1
DA:189,0
DA:192,0
BRDA:192,3,0,-
BRDA:192,3,1,-
DA:194,0
DA:196,0
BRDA:196,4,0,-
BRDA:196,4,1,-
DA:197,0
BRDA:197,5,0,-
BRDA:197,5,1,-
DA:198,0
DA:199,0
BRDA:199,6,0,-
BRDA:199,6,1,-
DA:201,0
DA:203,0
BRDA:203,7,0,-
BRDA:203,7,1,-
DA:204,0
DA:205,0
BRDA:205,8,0,-
BRDA:205,8,1,-
DA:206,0
DA:207,0
DA:208,0
DA:209,0
BRDA:209,9,0,-
DA:211,0
DA:214,0
DA:222,0
FN:222,DeleGatorCore.executeFromExecutor
FNDA:0,DeleGatorCore.executeFromExecutor
DA:231,0
DA:234,0
BRDA:234,10,0,-
BRDA:234,10,1,-
DA:236,0
DA:238,0
BRDA:238,11,0,-
BRDA:238,11,1,-
DA:239,0
BRDA:239,12,0,-
BRDA:239,12,1,-
DA:240,0
DA:241,0
BRDA:241,13,0,-
BRDA:241,13,1,-
DA:243,0
DA:244,0
DA:245,0
DA:247,0
BRDA:247,14,0,-
BRDA:247,14,1,-
DA:248,0
DA:249,0
BRDA:249,15,0,-
BRDA:249,15,1,-
DA:250,0
DA:251,0
BRDA:251,16,0,-
DA:253,0
DA:256,0
DA:267,0
FN:267,DeleGatorCore.validateUserOp
FNDA:0,DeleGatorCore.validateUserOp
DA:277,0
DA:278,0
DA:290,0
FN:290,DeleGatorCore.isValidSignature
FNDA:0,DeleGatorCore.isValidSignature
DA:300,0
DA:304,0
FN:304,DeleGatorCore.onERC721Received
FNDA:0,DeleGatorCore.onERC721Received
DA:305,0
DA:309,0
FN:309,DeleGatorCore.onERC1155Received
FNDA:0,DeleGatorCore.onERC1155Received
DA:322,0
DA:326,0
FN:326,DeleGatorCore.onERC1155BatchReceived
FNDA:0,DeleGatorCore.onERC1155BatchReceived
DA:339,0
DA:346,0
FN:346,DeleGatorCore.addDeposit
FNDA:0,DeleGatorCore.addDeposit
DA:347,0
DA:356,0
FN:356,DeleGatorCore.withdrawDeposit
FNDA:0,DeleGatorCore.withdrawDeposit
DA:357,0
DA:364,0
FN:364,DeleGatorCore.disableDelegation
FNDA:0,DeleGatorCore.disableDelegation
DA:365,0
DA:373,0
FN:373,DeleGatorCore.enableDelegation
FNDA:0,DeleGatorCore.enableDelegation
DA:374,0
DA:383,0
FN:383,DeleGatorCore.upgradeToAndCallAndRetainStorage
FNDA:0,DeleGatorCore.upgradeToAndCallAndRetainStorage
DA:384,0
DA:393,0
FN:393,DeleGatorCore.upgradeToAndCall
FNDA:0,DeleGatorCore.upgradeToAndCall
DA:394,0
DA:395,0
DA:403,0
FN:403,DeleGatorCore.isDelegationDisabled
FNDA:0,DeleGatorCore.isDelegationDisabled
DA:404,0
DA:412,0
FN:412,DeleGatorCore.getDeposit
FNDA:0,DeleGatorCore.getDeposit
DA:413,0
DA:421,0
FN:421,DeleGatorCore.getImplementation
FNDA:0,DeleGatorCore.getImplementation
DA:422,0
DA:430,0
FN:430,DeleGatorCore.getInitializedVersion
FNDA:0,DeleGatorCore.getInitializedVersion
DA:431,0
DA:439,0
FN:439,DeleGatorCore.getNonce.0
FNDA:0,DeleGatorCore.getNonce.0
DA:440,0
DA:449,0
FN:449,DeleGatorCore.getNonce.1
FNDA:0,DeleGatorCore.getNonce.1
DA:450,0
DA:457,0
FN:457,DeleGatorCore.getDomainHash
FNDA:0,DeleGatorCore.getDomainHash
DA:458,0
DA:466,0
FN:466,DeleGatorCore.getPackedUserOperationTypedDataHash
FNDA:0,DeleGatorCore.getPackedUserOperationTypedDataHash
DA:467,0
DA:474,0
FN:474,DeleGatorCore.supportsInterface
FNDA:0,DeleGatorCore.supportsInterface
DA:475,0
DA:476,0
DA:477,0
DA:484,0
FN:484,DeleGatorCore.getPackedUserOperationHash
FNDA:0,DeleGatorCore.getPackedUserOperationHash
DA:485,0
DA:526,0
FN:526,DeleGatorCore._authorizeUpgrade
FNDA:0,DeleGatorCore._authorizeUpgrade
DA:538,0
FN:538,DeleGatorCore._validateUserOpSignature
FNDA:0,DeleGatorCore._validateUserOpSignature
DA:546,0
DA:547,0
BRDA:547,17,0,-
BRDA:547,17,1,-
DA:548,0
DA:550,0
DA:559,0
FN:559,DeleGatorCore._payPrefund
FNDA:0,DeleGatorCore._payPrefund
DA:560,0
BRDA:560,18,0,-
DA:561,0
DA:564,0
FNF:32
FNH:0
LF:108
LH:0
BRF:32
BRH:0
end_of_record
TN:
SF:src/DelegationManager.sol
DA:53,0
FN:53,DelegationManager.onlyDeleGator
FNDA:0,DelegationManager.onlyDeleGator
DA:54,0
BRDA:54,0,0,-
DA:64,0
FN:64,DelegationManager.constructor
FNDA:0,DelegationManager.constructor
DA:65,0
DA:66,0
DA:74,0
FN:74,DelegationManager.pause
FNDA:0,DelegationManager.pause
DA:75,0
DA:81,0
FN:81,DelegationManager.unpause
FNDA:0,DelegationManager.unpause
DA:82,0
DA:90,0
FN:90,DelegationManager.disableDelegation
FNDA:0,DelegationManager.disableDelegation
DA:91,0
DA:92,0
BRDA:92,1,0,-
DA:93,0
DA:94,0
DA:103,0
FN:103,DelegationManager.enableDelegation
FNDA:0,DelegationManager.enableDelegation
DA:104,0
DA:105,0
BRDA:105,2,0,-
DA:106,0
DA:107,0
DA:126,0
FN:126,DelegationManager.redeemDelegations
FNDA:0,DelegationManager.redeemDelegations
DA:134,0
DA:135,0
BRDA:135,3,0,-
DA:137,0
DA:138,0
DA:141,0
DA:142,0
DA:144,0
BRDA:144,4,0,-
BRDA:144,4,1,-
DA:146,0
DA:147,0
DA:149,0
DA:152,0
DA:153,0
DA:156,0
BRDA:156,5,0,-
DA:157,0
DA:160,0
DA:161,0
DA:162,0
DA:164,0
BRDA:164,6,0,-
BRDA:164,6,1,-
DA:166,0
DA:170,0
BRDA:170,7,0,-
DA:173,0
DA:174,0
DA:176,0
DA:177,0
BRDA:177,8,0,-
DA:178,0
DA:184,0
DA:186,0
BRDA:186,9,0,-
DA:187,0
DA:191,0
BRDA:191,10,0,-
BRDA:191,10,1,-
DA:192,0
BRDA:192,11,0,-
DA:193,0
DA:196,0
DA:197,0
BRDA:197,12,0,-
DA:198,0
DA:200,0
BRDA:200,13,0,-
DA:201,0
DA:208,0
DA:209,0
BRDA:209,14,0,-
DA:211,0
DA:212,0
DA:213,0
DA:214,0
DA:215,0
DA:229,0
DA:230,0
BRDA:230,15,0,-
BRDA:230,15,1,-
DA:232,0
DA:235,0
DA:236,0
DA:237,0
DA:238,0
DA:239,0
DA:252,0
DA:256,0
DA:258,0
DA:259,0
DA:260,0
DA:261,0
DA:276,0
DA:277,0
BRDA:277,16,0,-
DA:279,0
DA:281,0
DA:282,0
DA:283,0
DA:284,0
DA:298,0
DA:299,0
BRDA:299,17,0,-
DA:300,0
DA:301,0
DA:315,0
FN:315,DelegationManager.getDomainHash
FNDA:0,DelegationManager.getDomainHash
DA:316,0
DA:324,0
FN:324,DelegationManager.getDelegationHash
FNDA:0,DelegationManager.getDelegationHash
DA:325,0
FNF:9
FNH:0
LF:92
LH:0
BRF:22
BRH:0
end_of_record
TN:
SF:src/EIP7702/EIP7702DeleGatorCore.sol
DA:106,0
FN:106,EIP7702DeleGatorCore.onlyProxy
FNDA:0,EIP7702DeleGatorCore.onlyProxy
DA:107,0
BRDA:107,0,0,-
DA:115,0
FN:115,EIP7702DeleGatorCore.onlyEntryPoint
FNDA:0,EIP7702DeleGatorCore.onlyEntryPoint
DA:116,0
BRDA:116,1,0,-
DA:124,0
FN:124,EIP7702DeleGatorCore.onlyEntryPointOrSelf
FNDA:0,EIP7702DeleGatorCore.onlyEntryPointOrSelf
DA:125,0
BRDA:125,2,0,-
DA:133,0
FN:133,EIP7702DeleGatorCore.onlyDelegationManager
FNDA:0,EIP7702DeleGatorCore.onlyDelegationManager
DA:134,0
BRDA:134,3,0,-
DA:147,0
FN:147,EIP7702DeleGatorCore.constructor
FNDA:0,EIP7702DeleGatorCore.constructor
DA:156,0
BRDA:156,4,0,-
DA:157,0
BRDA:157,5,0,-
DA:159,0
DA:160,0
DA:161,0
DA:162,0
DA:180,0
FN:180,EIP7702DeleGatorCore.redeemDelegations
FNDA:0,EIP7702DeleGatorCore.redeemDelegations
DA:188,0
DA:197,0
FN:197,EIP7702DeleGatorCore.execute.0
FNDA:0,EIP7702DeleGatorCore.execute.0
DA:198,0
DA:208,0
FN:208,EIP7702DeleGatorCore.execute.1
FNDA:0,EIP7702DeleGatorCore.execute.1
DA:209,0
DA:212,0
BRDA:212,6,0,-
BRDA:212,6,1,-
DA:214,0
DA:216,0
BRDA:216,7,0,-
BRDA:216,7,1,-
DA:217,0
BRDA:217,8,0,-
BRDA:217,8,1,-
DA:218,0
DA:219,0
BRDA:219,9,0,-
BRDA:219,9,1,-
DA:221,0
DA:223,0
BRDA:223,10,0,-
BRDA:223,10,1,-
DA:224,0
DA:225,0
BRDA:225,11,0,-
BRDA:225,11,1,-
DA:226,0
DA:227,0
DA:228,0
DA:229,0
BRDA:229,12,0,-
DA:231,0
DA:234,0
DA:242,0
FN:242,EIP7702DeleGatorCore.executeFromExecutor
FNDA:0,EIP7702DeleGatorCore.executeFromExecutor
DA:251,0
DA:254,0
BRDA:254,13,0,-
BRDA:254,13,1,-
DA:256,0
DA:258,0
BRDA:258,14,0,-
BRDA:258,14,1,-
DA:259,0
BRDA:259,15,0,-
BRDA:259,15,1,-
DA:260,0
DA:261,0
BRDA:261,16,0,-
BRDA:261,16,1,-
DA:263,0
DA:264,0
DA:265,0
DA:267,0
BRDA:267,17,0,-
BRDA:267,17,1,-
DA:268,0
DA:269,0
BRDA:269,18,0,-
BRDA:269,18,1,-
DA:270,0
DA:271,0
BRDA:271,19,0,-
DA:273,0
DA:276,0
DA:287,0
FN:287,EIP7702DeleGatorCore.validateUserOp
FNDA:0,EIP7702DeleGatorCore.validateUserOp
DA:297,0
DA:298,0
DA:310,0
FN:310,EIP7702DeleGatorCore.isValidSignature
FNDA:0,EIP7702DeleGatorCore.isValidSignature
DA:320,0
DA:324,0
FN:324,EIP7702DeleGatorCore.onERC721Received
FNDA:0,EIP7702DeleGatorCore.onERC721Received
DA:325,0
DA:329,0
FN:329,EIP7702DeleGatorCore.onERC1155Received
FNDA:0,EIP7702DeleGatorCore.onERC1155Received
DA:342,0
DA:346,0
FN:346,EIP7702DeleGatorCore.onERC1155BatchReceived
FNDA:0,EIP7702DeleGatorCore.onERC1155BatchReceived
DA:359,0
DA:366,0
FN:366,EIP7702DeleGatorCore.addDeposit
FNDA:0,EIP7702DeleGatorCore.addDeposit
DA:367,0
DA:376,0
FN:376,EIP7702DeleGatorCore.withdrawDeposit
FNDA:0,EIP7702DeleGatorCore.withdrawDeposit
DA:377,0
DA:384,0
FN:384,EIP7702DeleGatorCore.disableDelegation
FNDA:0,EIP7702DeleGatorCore.disableDelegation
DA:385,0
DA:393,0
FN:393,EIP7702DeleGatorCore.enableDelegation
FNDA:0,EIP7702DeleGatorCore.enableDelegation
DA:394,0
DA:402,0
FN:402,EIP7702DeleGatorCore.isDelegationDisabled
FNDA:0,EIP7702DeleGatorCore.isDelegationDisabled
DA:403,0
DA:411,0
FN:411,EIP7702DeleGatorCore.getDeposit
FNDA:0,EIP7702DeleGatorCore.getDeposit
DA:412,0
DA:420,0
FN:420,EIP7702DeleGatorCore.getNonce.0
FNDA:0,EIP7702DeleGatorCore.getNonce.0
DA:421,0
DA:430,0
FN:430,EIP7702DeleGatorCore.getNonce.1
FNDA:0,EIP7702DeleGatorCore.getNonce.1
DA:431,0
DA:438,0
FN:438,EIP7702DeleGatorCore.getDomainHash
FNDA:0,EIP7702DeleGatorCore.getDomainHash
DA:439,0
DA:447,0
FN:447,EIP7702DeleGatorCore.supportsExecutionMode
FNDA:0,EIP7702DeleGatorCore.supportsExecutionMode
DA:448,0
DA:450,0
DA:462,0
FN:462,EIP7702DeleGatorCore.getPackedUserOperationTypedDataHash
FNDA:0,EIP7702DeleGatorCore.getPackedUserOperationTypedDataHash
DA:463,0
DA:470,0
FN:470,EIP7702DeleGatorCore.supportsInterface
FNDA:0,EIP7702DeleGatorCore.supportsInterface
DA:471,0
DA:472,0
DA:473,0
DA:480,0
FN:480,EIP7702DeleGatorCore.getPackedUserOperationHash
FNDA:0,EIP7702DeleGatorCore.getPackedUserOperationHash
DA:481,0
DA:504,0
FN:504,EIP7702DeleGatorCore._payPrefund
FNDA:0,EIP7702DeleGatorCore._payPrefund
DA:505,0
BRDA:505,20,0,-
DA:506,0
DA:509,0
DA:534,0
FN:534,EIP7702DeleGatorCore._validateUserOpSignature
FNDA:0,EIP7702DeleGatorCore._validateUserOpSignature
DA:542,0
DA:543,0
BRDA:543,21,0,-
BRDA:543,21,1,-
DA:544,0
DA:546,0
FNF:29
FNH:0
LF:104
LH:0
BRF:35
BRH:0
end_of_record
TN:
SF:src/EIP7702/EIP7702StatelessDeleGator.sol
DA:54,0
FN:54,EIP7702StatelessDeleGator._isValidSignature
FNDA:0,EIP7702StatelessDeleGator._isValidSignature
DA:55,0
BRDA:55,0,0,-
DA:57,0
FNF:1
FNH:0
LF:3
LH:0
BRF:1
BRH:0
end_of_record
TN:
SF:src/HybridDeleGator.sol
DA:101,0
FN:101,HybridDeleGator.initialize
FNDA:0,HybridDeleGator.initialize
DA:110,0
DA:126,0
FN:126,HybridDeleGator.reinitialize
FNDA:0,HybridDeleGator.reinitialize
DA:138,0
DA:149,0
FN:149,HybridDeleGator.addKey
FNDA:0,HybridDeleGator.addKey
DA:150,0
DA:157,0
FN:157,HybridDeleGator.removeKey
FNDA:0,HybridDeleGator.removeKey
DA:158,0
DA:159,0
DA:160,0
DA:161,0
DA:162,0
DA:164,0
BRDA:164,0,0,-
DA:166,0
DA:168,0
BRDA:168,1,0,-
DA:170,0
DA:171,0
BRDA:171,2,0,-
DA:172,0
DA:173,0
DA:176,0
DA:179,0
DA:188,0
FN:188,HybridDeleGator.getKey
FNDA:0,HybridDeleGator.getKey
DA:189,0
DA:190,0
DA:191,0
DA:192,0
DA:198,0
FN:198,HybridDeleGator.getKeyIdHashes
FNDA:0,HybridDeleGator.getKeyIdHashes
DA:199,0
DA:200,0
DA:206,0
FN:206,HybridDeleGator.getKeyIdHashesCount
FNDA:0,HybridDeleGator.getKeyIdHashesCount
DA:207,0
DA:208,0
DA:218,0
FN:218,HybridDeleGator.updateSigners
FNDA:0,HybridDeleGator.updateSigners
DA:227,0
DA:233,0
FN:233,HybridDeleGator.owner
FNDA:0,HybridDeleGator.owner
DA:234,0
DA:235,0
DA:242,0
FN:242,HybridDeleGator.transferOwnership
FNDA:0,HybridDeleGator.transferOwnership
DA:243,0
DA:249,0
FN:249,HybridDeleGator.renounceOwnership
FNDA:0,HybridDeleGator.renounceOwnership
DA:250,0
DA:257,0
FN:257,HybridDeleGator.supportsInterface
FNDA:0,HybridDeleGator.supportsInterface
DA:258,0
DA:269,0
FN:269,HybridDeleGator._addKey
FNDA:0,HybridDeleGator._addKey
DA:270,0
BRDA:270,3,0,-
DA:271,0
DA:273,0
BRDA:273,4,0,-
DA:274,0
DA:276,0
DA:277,0
BRDA:277,5,0,-
DA:279,0
DA:280,0
DA:282,0
DA:289,0
FN:289,HybridDeleGator._transferOwnership
FNDA:0,HybridDeleGator._transferOwnership
DA:290,0
DA:291,0
BRDA:291,6,0,-
DA:293,0
DA:294,0
DA:295,0
DA:306,0
FN:306,HybridDeleGator._updateSigners
FNDA:0,HybridDeleGator._updateSigners
DA:315,0
DA:316,0
BRDA:316,7,0,-
DA:317,0
BRDA:317,8,0,-
DA:318,0
DA:321,0
BRDA:321,9,0,-
DA:322,0
DA:323,0
DA:324,0
BRDA:324,10,0,-
DA:325,0
DA:326,0
DA:327,0
DA:329,0
DA:335,0
DA:336,0
DA:339,0
DA:346,0
FN:346,HybridDeleGator._clearDeleGatorStorage
FNDA:0,HybridDeleGator._clearDeleGatorStorage
DA:347,0
DA:348,0
DA:349,0
DA:355,0
DA:369,0
FN:369,HybridDeleGator._isValidSignature
FNDA:0,HybridDeleGator._isValidSignature
DA:370,0
DA:371,0
BRDA:371,11,0,-
BRDA:371,11,1,-
DA:372,0
BRDA:372,12,0,-
DA:373,0
DA:375,0
BRDA:375,13,0,-
DA:377,0
DA:378,0
DA:380,0
DA:381,0
BRDA:381,14,0,-
DA:383,0
BRDA:383,15,0,-
BRDA:383,15,1,-
DA:384,0
DA:385,0
BRDA:385,16,0,-
DA:386,0
DA:388,0
DA:395,0
FN:395,HybridDeleGator._getDeleGatorStorage
FNDA:0,HybridDeleGator._getDeleGatorStorage
DA:397,0
FNF:18
FNH:0
LF:97
LH:0
BRF:19
BRH:0
end_of_record
TN:
SF:src/MultiSigDeleGator.sol
DA:88,0
FN:88,MultiSigDeleGator.constructor
FNDA:0,MultiSigDeleGator.constructor
DA:94,0
DA:95,0
DA:96,0
DA:105,0
FN:105,MultiSigDeleGator.initialize
FNDA:0,MultiSigDeleGator.initialize
DA:106,0
DA:117,0
FN:117,MultiSigDeleGator.reinitialize
FNDA:0,MultiSigDeleGator.reinitialize
DA:127,0
DA:137,0
FN:137,MultiSigDeleGator.replaceSigner
FNDA:0,MultiSigDeleGator.replaceSigner
DA:138,0
BRDA:138,0,0,-
DA:140,0
DA:142,0
BRDA:142,1,0,-
DA:143,0
BRDA:143,2,0,-
DA:145,0
DA:146,0
DA:147,0
BRDA:147,3,0,-
DA:148,0
DA:149,0
DA:154,0
DA:155,0
DA:162,0
FN:162,MultiSigDeleGator.addSigner
FNDA:0,MultiSigDeleGator.addSigner
DA:163,0
BRDA:163,4,0,-
DA:165,0
DA:167,0
BRDA:167,5,0,-
DA:168,0
BRDA:168,6,0,-
DA:170,0
DA:171,0
DA:173,0
DA:180,0
FN:180,MultiSigDeleGator.removeSigner
FNDA:0,MultiSigDeleGator.removeSigner
DA:181,0
DA:183,0
BRDA:183,7,0,-
DA:184,0
DA:185,0
BRDA:185,8,0,-
DA:187,0
DA:188,0
BRDA:188,9,0,-
DA:189,0
DA:190,0
DA:193,0
DA:196,0
DA:203,0
FN:203,MultiSigDeleGator.updateThreshold
FNDA:0,MultiSigDeleGator.updateThreshold
DA:204,0
BRDA:204,10,0,-
DA:205,0
DA:206,0
BRDA:206,11,0,-
DA:208,0
DA:210,0
DA:219,0
FN:219,MultiSigDeleGator.updateMultiSigParameters
FNDA:0,MultiSigDeleGator.updateMultiSigParameters
DA:227,0
DA:235,0
FN:235,MultiSigDeleGator.isSigner
FNDA:0,MultiSigDeleGator.isSigner
DA:236,0
DA:237,0
DA:244,0
FN:244,MultiSigDeleGator.getSigners
FNDA:0,MultiSigDeleGator.getSigners
DA:245,0
DA:246,0
DA:253,0
FN:253,MultiSigDeleGator.getThreshold
FNDA:0,MultiSigDeleGator.getThreshold
DA:254,0
DA:255,0
DA:261,0
FN:261,MultiSigDeleGator.getSignersCount
FNDA:0,MultiSigDeleGator.getSignersCount
DA:262,0
DA:263,0
DA:274,0
FN:274,MultiSigDeleGator._setSignersAndThreshold
FNDA:0,MultiSigDeleGator._setSignersAndThreshold
DA:275,0
DA:276,0
DA:277,0
DA:279,0
DA:280,0
BRDA:280,12,0,-
DA:281,0
BRDA:281,13,0,-
DA:283,0
BRDA:283,14,0,-
DA:284,0
DA:285,0
DA:287,0
DA:292,0
DA:293,0
DA:294,0
BRDA:294,15,0,-
DA:295,0
BRDA:295,16,0,-
DA:297,0
DA:298,0
DA:300,0
DA:302,0
DA:303,0
DA:310,0
FN:310,MultiSigDeleGator._clearDeleGatorStorage
FNDA:0,MultiSigDeleGator._clearDeleGatorStorage
DA:311,0
DA:312,0
DA:313,0
DA:318,0
DA:328,0
FN:328,MultiSigDeleGator._isValidSignature
FNDA:0,MultiSigDeleGator._isValidSignature
DA:329,0
DA:332,0
BRDA:332,17,0,-
DA:334,0
DA:335,0
DA:338,0
DA:339,0
DA:340,0
DA:342,0
DA:343,0
DA:345,0
DA:347,0
BRDA:347,18,0,-
DA:349,0
DA:351,0
BRDA:351,19,0,-
DA:352,0
DA:355,0
DA:358,0
DA:364,0
FN:364,MultiSigDeleGator._getDeleGatorStorage
FNDA:0,MultiSigDeleGator._getDeleGatorStorage
DA:366,0
FNF:16
FNH:0
LF:103
LH:0
BRF:20
BRH:0
end_of_record
TN:
SF:src/enforcers/AllowedCalldataEnforcer.sol
DA:31,0
FN:31,AllowedCalldataEnforcer.beforeHook
FNDA:0,AllowedCalldataEnforcer.beforeHook
DA:46,0
DA:55,0
FN:55,AllowedCalldataEnforcer.getTermsInfo
FNDA:0,AllowedCalldataEnforcer.getTermsInfo
DA:56,0
BRDA:56,0,0,-
BRDA:56,0,1,-
DA:57,0
DA:58,0
DA:67,0
FN:67,AllowedCalldataEnforcer._compare
FNDA:0,AllowedCalldataEnforcer._compare
DA:68,0
DA:77,0
FN:77,AllowedCalldataEnforcer._validateCalldata
FNDA:0,AllowedCalldataEnforcer._validateCalldata
DA:79,0
DA:80,0
DA:82,0
DA:84,0
DA:85,0
DA:86,0
BRDA:86,1,0,-
BRDA:86,1,1,-
DA:88,0
BRDA:88,2,0,-
BRDA:88,2,1,-
FNF:4
FNH:0
LF:16
LH:0
BRF:6
BRH:0
end_of_record
TN:
SF:src/enforcers/AllowedMethodsEnforcer.sol
DA:27,0
FN:27,AllowedMethodsEnforcer.beforeHook
FNDA:0,AllowedMethodsEnforcer.beforeHook
DA:42,0
DA:50,0
FN:50,AllowedMethodsEnforcer.getTermsInfo
FNDA:0,AllowedMethodsEnforcer.getTermsInfo
DA:51,0
DA:52,0
DA:53,0
BRDA:53,0,0,-
BRDA:53,0,1,-
DA:54,0
DA:55,0
DA:56,0
DA:57,0
DA:69,0
FN:69,AllowedMethodsEnforcer._validateMethods
FNDA:0,AllowedMethodsEnforcer._validateMethods
DA:70,0
DA:72,0
BRDA:72,1,0,-
BRDA:72,1,1,-
DA:74,0
DA:75,0
DA:76,0
DA:78,0
DA:79,0
BRDA:79,2,0,-
DA:80,0
DA:83,0
FNF:3
FNH:0
LF:20
LH:0
BRF:5
BRH:0
end_of_record
TN:
SF:src/enforcers/AllowedTargetsEnforcer.sol
DA:26,0
FN:26,AllowedTargetsEnforcer.beforeHook
FNDA:0,AllowedTargetsEnforcer.beforeHook
DA:41,0
DA:43,0
DA:44,0
DA:45,0
DA:46,0
BRDA:46,0,0,-
DA:47,0
DA:50,0
DA:58,0
FN:58,AllowedTargetsEnforcer.getTermsInfo
FNDA:0,AllowedTargetsEnforcer.getTermsInfo
DA:59,0
DA:60,0
DA:61,0
BRDA:61,1,0,-
BRDA:61,1,1,-
DA:62,0
DA:63,0
DA:64,0
DA:65,0
FNF:2
FNH:0
LF:16
LH:0
BRF:3
BRH:0
end_of_record
TN:
SF:src/enforcers/ArgsEqualityCheckEnforcer.sol
DA:33,0
FN:33,ArgsEqualityCheckEnforcer.beforeHook
FNDA:0,ArgsEqualityCheckEnforcer.beforeHook
DA:46,0
BRDA:46,0,0,-
DA:47,0
DA:48,0
FNF:1
FNH:0
LF:4
LH:0
BRF:1
BRH:0
end_of_record
TN:
SF:src/enforcers/BlockNumberEnforcer.sol
DA:22,0
FN:22,BlockNumberEnforcer.beforeHook
FNDA:0,BlockNumberEnforcer.beforeHook
DA:36,0
DA:38,0
BRDA:38,0,0,-
DA:40,0
BRDA:40,1,0,-
BRDA:40,1,1,-
DA:43,0
BRDA:43,2,0,-
DA:45,0
BRDA:45,3,0,-
BRDA:45,3,1,-
DA:55,0
FN:55,BlockNumberEnforcer.getTermsInfo
FNDA:0,BlockNumberEnforcer.getTermsInfo
DA:60,0
BRDA:60,4,0,-
BRDA:60,4,1,-
DA:61,0
DA:62,0
FNF:2
FNH:0
LF:10
LH:0
BRF:8
BRH:0
end_of_record
TN:
SF:src/enforcers/CaveatEnforcer.sol
DA:18,0
FN:18,CaveatEnforcer.beforeAllHook
FNDA:0,CaveatEnforcer.beforeAllHook
DA:21,0
FN:21,CaveatEnforcer.beforeHook
FNDA:0,CaveatEnforcer.beforeHook
DA:24,0
FN:24,CaveatEnforcer.afterHook
FNDA:0,CaveatEnforcer.afterHook
DA:27,0
FN:27,CaveatEnforcer.afterAllHook
FNDA:0,CaveatEnforcer.afterAllHook
DA:32,0
FN:32,CaveatEnforcer.onlySingleCallTypeMode
FNDA:0,CaveatEnforcer.onlySingleCallTypeMode
DA:34,0
BRDA:34,0,0,-
BRDA:34,0,1,-
DA:42,0
FN:42,CaveatEnforcer.onlyBatchCallTypeMode
FNDA:0,CaveatEnforcer.onlyBatchCallTypeMode
DA:44,0
BRDA:44,1,0,-
BRDA:44,1,1,-
DA:52,0
FN:52,CaveatEnforcer.onlyDefaultExecutionMode
FNDA:0,CaveatEnforcer.onlyDefaultExecutionMode
DA:54,0
DA:55,0
BRDA:55,2,0,-
BRDA:55,2,1,-
DA:63,0
FN:63,CaveatEnforcer.onlyTryExecutionMode
FNDA:0,CaveatEnforcer.onlyTryExecutionMode
DA:65,0
DA:66,0
BRDA:66,3,0,-
BRDA:66,3,1,-
FNF:8
FNH:0
LF:14
LH:0
BRF:8
BRH:0
end_of_record
TN:
SF:src/enforcers/DeployedEnforcer.sol
DA:37,0
FN:37,DeployedEnforcer._deploy
FNDA:0,DeployedEnforcer._deploy
DA:38,0
DA:39,0
BRDA:39,0,0,-
DA:40,0
DA:54,0
FN:54,DeployedEnforcer.beforeHook
FNDA:0,DeployedEnforcer.beforeHook
DA:67,0
DA:70,0
BRDA:70,1,0,-
DA:72,0
DA:73,0
DA:76,0
DA:77,0
BRDA:77,2,0,-
BRDA:77,2,1,-
DA:87,0
FN:87,DeployedEnforcer.getTermsInfo
FNDA:0,DeployedEnforcer.getTermsInfo
DA:92,0
BRDA:92,3,0,-
BRDA:92,3,1,-
DA:93,0
DA:94,0
DA:95,0
DA:102,0
FN:102,DeployedEnforcer.computeAddress
FNDA:0,DeployedEnforcer.computeAddress
DA:103,0
FNF:4
FNH:0
LF:18
LH:0
BRF:6
BRH:0
end_of_record
TN:
SF:src/enforcers/ERC1155BalanceChangeEnforcer.sol
DA:40,0
FN:40,ERC1155BalanceChangeEnforcer.getHashKey
FNDA:0,ERC1155BalanceChangeEnforcer.getHashKey
DA:51,0
DA:68,0
FN:68,ERC1155BalanceChangeEnforcer.beforeHook
FNDA:0,ERC1155BalanceChangeEnforcer.beforeHook
DA:81,0
DA:82,0
DA:83,0
BRDA:83,0,0,-
BRDA:83,0,1,-
DA:84,0
DA:85,0
DA:86,0
DA:100,0
FN:100,ERC1155BalanceChangeEnforcer.afterHook
FNDA:0,ERC1155BalanceChangeEnforcer.afterHook
DA:112,0
DA:113,0
DA:115,0
DA:116,0
BRDA:116,1,0,-
BRDA:116,1,1,-
DA:117,0
BRDA:117,2,0,-
BRDA:117,2,1,-
DA:119,0
BRDA:119,3,0,-
BRDA:119,3,1,-
DA:133,0
FN:133,ERC1155BalanceChangeEnforcer.getTermsInfo
FNDA:0,ERC1155BalanceChangeEnforcer.getTermsInfo
DA:138,0
BRDA:138,4,0,-
BRDA:138,4,1,-
DA:139,0
DA:140,0
DA:141,0
DA:142,0
DA:143,0
DA:151,0
FN:151,ERC1155BalanceChangeEnforcer._getHashKey
FNDA:0,ERC1155BalanceChangeEnforcer._getHashKey
DA:162,0
FNF:5
FNH:0
LF:25
LH:0
BRF:10
BRH:0
end_of_record
TN:
SF:src/enforcers/ERC1155MultiOperationIncreaseBalanceEnforcer.sol
DA:67,0
FN:67,ERC1155MultiOperationIncreaseBalanceEnforcer.getHashKey
FNDA:0,ERC1155MultiOperationIncreaseBalanceEnforcer.getHashKey
DA:68,0
DA:82,0
FN:82,ERC1155MultiOperationIncreaseBalanceEnforcer.beforeAllHook
FNDA:0,ERC1155MultiOperationIncreaseBalanceEnforcer.beforeAllHook
DA:95,0
DA:96,0
BRDA:96,0,0,-
BRDA:96,0,1,-
DA:97,0
DA:98,0
DA:99,0
DA:101,0
BRDA:101,1,0,-
DA:102,0
DA:103,0
DA:106,0
DA:107,0
DA:109,0
DA:111,0
DA:122,0
FN:122,ERC1155MultiOperationIncreaseBalanceEnforcer.afterAllHook
FNDA:0,ERC1155MultiOperationIncreaseBalanceEnforcer.afterAllHook
DA:134,0
DA:135,0
DA:137,0
DA:140,0
BRDA:140,2,0,-
DA:142,0
DA:144,0
DA:146,0
BRDA:146,3,0,-
BRDA:146,3,1,-
DA:151,0
DA:165,0
FN:165,ERC1155MultiOperationIncreaseBalanceEnforcer.getTermsInfo
FNDA:0,ERC1155MultiOperationIncreaseBalanceEnforcer.getTermsInfo
DA:166,0
BRDA:166,4,0,-
BRDA:166,4,1,-
DA:167,0
DA:180,0
FN:180,ERC1155MultiOperationIncreaseBalanceEnforcer._getHashKey
FNDA:0,ERC1155MultiOperationIncreaseBalanceEnforcer._getHashKey
DA:181,0
FNF:5
FNH:0
LF:29
LH:0
BRF:8
BRH:0
end_of_record
TN:
SF:src/enforcers/ERC20BalanceChangeEnforcer.sol
DA:38,0
FN:38,ERC20BalanceChangeEnforcer.getHashKey
FNDA:0,ERC20BalanceChangeEnforcer.getHashKey
DA:39,0
DA:54,0
FN:54,ERC20BalanceChangeEnforcer.beforeHook
FNDA:0,ERC20BalanceChangeEnforcer.beforeHook
DA:67,0
DA:68,0
DA:69,0
BRDA:69,0,0,-
BRDA:69,0,1,-
DA:70,0
DA:71,0
DA:72,0
DA:84,0
FN:84,ERC20BalanceChangeEnforcer.afterHook
FNDA:0,ERC20BalanceChangeEnforcer.afterHook
DA:96,0
DA:97,0
DA:99,0
DA:100,0
BRDA:100,1,0,-
BRDA:100,1,1,-
DA:101,0
BRDA:101,2,0,-
BRDA:101,2,1,-
DA:103,0
BRDA:103,3,0,-
BRDA:103,3,1,-
DA:116,0
FN:116,ERC20BalanceChangeEnforcer.getTermsInfo
FNDA:0,ERC20BalanceChangeEnforcer.getTermsInfo
DA:121,0
BRDA:121,4,0,-
BRDA:121,4,1,-
DA:122,0
DA:123,0
DA:124,0
DA:125,0
DA:133,0
FN:133,ERC20BalanceChangeEnforcer._getHashKey
FNDA:0,ERC20BalanceChangeEnforcer._getHashKey
DA:134,0
FNF:5
FNH:0
LF:24
LH:0
BRF:10
BRH:0
end_of_record
TN:
SF:src/enforcers/ERC20MultiOperationIncreaseBalanceEnforcer.sol
DA:55,0
FN:55,ERC20MultiOperationIncreaseBalanceEnforcer.getHashKey
FNDA:0,ERC20MultiOperationIncreaseBalanceEnforcer.getHashKey
DA:56,0
DA:67,0
FN:67,ERC20MultiOperationIncreaseBalanceEnforcer.beforeAllHook
FNDA:0,ERC20MultiOperationIncreaseBalanceEnforcer.beforeAllHook
DA:80,0
DA:81,0
BRDA:81,0,0,-
BRDA:81,0,1,-
DA:83,0
DA:84,0
DA:86,0
DA:87,0
BRDA:87,1,0,-
DA:88,0
DA:89,0
DA:92,0
DA:93,0
DA:95,0
DA:97,0
DA:107,0
FN:107,ERC20MultiOperationIncreaseBalanceEnforcer.afterAllHook
FNDA:0,ERC20MultiOperationIncreaseBalanceEnforcer.afterAllHook
DA:119,0
DA:120,0
DA:122,0
DA:125,0
BRDA:125,2,0,-
DA:127,0
DA:129,0
DA:130,0
BRDA:130,3,0,-
BRDA:130,3,1,-
DA:135,0
DA:145,0
FN:145,ERC20MultiOperationIncreaseBalanceEnforcer.getTermsInfo
FNDA:0,ERC20MultiOperationIncreaseBalanceEnforcer.getTermsInfo
DA:146,0
BRDA:146,4,0,-
BRDA:146,4,1,-
DA:147,0
DA:148,0
DA:149,0
DA:155,0
FN:155,ERC20MultiOperationIncreaseBalanceEnforcer._getHashKey
FNDA:0,ERC20MultiOperationIncreaseBalanceEnforcer._getHashKey
DA:156,0
FNF:5
FNH:0
LF:31
LH:0
BRF:8
BRH:0
end_of_record
TN:
SF:src/enforcers/ERC20PeriodTransferEnforcer.sol
DA:78,0
FN:78,ERC20PeriodTransferEnforcer.getAvailableAmount
FNDA:0,ERC20PeriodTransferEnforcer.getAvailableAmount
DA:87,0
DA:88,0
BRDA:88,0,0,-
DA:89,0
DA:93,0
DA:95,0
DA:102,0
DA:119,0
FN:119,ERC20PeriodTransferEnforcer.beforeHook
FNDA:0,ERC20PeriodTransferEnforcer.beforeHook
DA:133,0
DA:149,0
FN:149,ERC20PeriodTransferEnforcer.getTermsInfo
FNDA:0,ERC20PeriodTransferEnforcer.getTermsInfo
DA:154,0
BRDA:154,1,0,-
BRDA:154,1,1,-
DA:156,0
DA:157,0
DA:158,0
DA:159,0
DA:173,0
FN:173,ERC20PeriodTransferEnforcer._validateAndConsumeTransfer
FNDA:0,ERC20PeriodTransferEnforcer._validateAndConsumeTransfer
DA:181,0
DA:183,0
BRDA:183,2,0,-
BRDA:183,2,1,-
DA:185,0
DA:187,0
BRDA:187,3,0,-
BRDA:187,3,1,-
DA:188,0
BRDA:188,4,0,-
BRDA:188,4,1,-
DA:190,0
DA:193,0
BRDA:193,5,0,-
DA:194,0
BRDA:194,6,0,-
BRDA:194,6,1,-
DA:195,0
BRDA:195,7,0,-
BRDA:195,7,1,-
DA:196,0
BRDA:196,8,0,-
BRDA:196,8,1,-
DA:199,0
BRDA:199,9,0,-
BRDA:199,9,1,-
DA:201,0
DA:202,0
DA:203,0
DA:207,0
DA:209,0
DA:210,0
BRDA:210,10,0,-
BRDA:210,10,1,-
DA:213,0
BRDA:213,11,0,-
DA:214,0
DA:215,0
DA:218,0
DA:220,0
DA:245,0
FN:245,ERC20PeriodTransferEnforcer._getAvailableAmount
FNDA:0,ERC20PeriodTransferEnforcer._getAvailableAmount
DA:250,0
BRDA:250,12,0,-
DA:251,0
DA:254,0
DA:256,0
DA:258,0
DA:260,0
FNF:5
FNH:0
LF:45
LH:0
BRF:22
BRH:0
end_of_record
TN:
SF:src/enforcers/ERC20StreamingEnforcer.sol
DA:67,0
FN:67,ERC20StreamingEnforcer.getAvailableAmount
FNDA:0,ERC20StreamingEnforcer.getAvailableAmount
DA:75,0
DA:76,0
DA:93,0
FN:93,ERC20StreamingEnforcer.beforeHook
FNDA:0,ERC20StreamingEnforcer.beforeHook
DA:107,0
DA:124,0
FN:124,ERC20StreamingEnforcer.getTermsInfo
FNDA:0,ERC20StreamingEnforcer.getTermsInfo
DA:129,0
BRDA:129,0,0,-
BRDA:129,0,1,-
DA:131,0
DA:132,0
DA:133,0
DA:134,0
DA:135,0
DA:150,0
FN:150,ERC20StreamingEnforcer._validateAndConsumeAllowance
FNDA:0,ERC20StreamingEnforcer._validateAndConsumeAllowance
DA:158,0
DA:160,0
BRDA:160,1,0,-
BRDA:160,1,1,-
DA:162,0
DA:163,0
DA:165,0
BRDA:165,2,0,-
BRDA:165,2,1,-
DA:167,0
BRDA:167,3,0,-
BRDA:167,3,1,-
DA:169,0
BRDA:169,4,0,-
BRDA:169,4,1,-
DA:171,0
BRDA:171,5,0,-
BRDA:171,5,1,-
DA:173,0
DA:174,0
BRDA:174,6,0,-
DA:176,0
DA:177,0
DA:178,0
DA:179,0
DA:182,0
DA:184,0
BRDA:184,7,0,-
BRDA:184,7,1,-
DA:186,0
DA:188,0
DA:207,0
FN:207,ERC20StreamingEnforcer._getAvailableAmount
FNDA:0,ERC20StreamingEnforcer._getAvailableAmount
DA:208,0
BRDA:208,8,0,-
DA:210,0
DA:212,0
DA:214,0
BRDA:214,9,0,-
DA:215,0
DA:218,0
BRDA:218,10,0,-
DA:220,0
FNF:5
FNH:0
LF:39
LH:0
BRF:18
BRH:0
end_of_record
TN:
SF:src/enforcers/ERC20TransferAmountEnforcer.sol
DA:38,0
FN:38,ERC20TransferAmountEnforcer.beforeHook
FNDA:0,ERC20TransferAmountEnforcer.beforeHook
DA:52,0
DA:53,0
DA:62,0
FN:62,ERC20TransferAmountEnforcer.getTermsInfo
FNDA:0,ERC20TransferAmountEnforcer.getTermsInfo
DA:63,0
BRDA:63,0,0,-
BRDA:63,0,1,-
DA:65,0
DA:66,0
DA:77,0
FN:77,ERC20TransferAmountEnforcer._validateAndIncrease
FNDA:0,ERC20TransferAmountEnforcer._validateAndIncrease
DA:85,0
DA:87,0
BRDA:87,1,0,-
BRDA:87,1,1,-
DA:89,0
DA:90,0
DA:92,0
BRDA:92,2,0,-
BRDA:92,2,1,-
DA:94,0
BRDA:94,3,0,-
BRDA:94,3,1,-
DA:96,0
DA:97,0
BRDA:97,4,0,-
BRDA:97,4,1,-
FNF:3
FNH:0
LF:16
LH:0
BRF:10
BRH:0
end_of_record
TN:
SF:src/enforcers/ERC721BalanceChangeEnforcer.sol
DA:39,0
FN:39,ERC721BalanceChangeEnforcer.getHashKey
FNDA:0,ERC721BalanceChangeEnforcer.getHashKey
DA:49,0
DA:65,0
FN:65,ERC721BalanceChangeEnforcer.beforeHook
FNDA:0,ERC721BalanceChangeEnforcer.beforeHook
DA:78,0
DA:79,0
DA:80,0
BRDA:80,0,0,-
BRDA:80,0,1,-
DA:81,0
DA:82,0
DA:83,0
DA:96,0
FN:96,ERC721BalanceChangeEnforcer.afterHook
FNDA:0,ERC721BalanceChangeEnforcer.afterHook
DA:108,0
DA:109,0
DA:111,0
DA:112,0
BRDA:112,1,0,-
BRDA:112,1,1,-
DA:113,0
BRDA:113,2,0,-
BRDA:113,2,1,-
DA:115,0
BRDA:115,3,0,-
BRDA:115,3,1,-
DA:128,0
FN:128,ERC721BalanceChangeEnforcer.getTermsInfo
FNDA:0,ERC721BalanceChangeEnforcer.getTermsInfo
DA:133,0
BRDA:133,4,0,-
BRDA:133,4,1,-
DA:134,0
DA:135,0
DA:136,0
DA:137,0
DA:145,0
FN:145,ERC721BalanceChangeEnforcer._getHashKey
FNDA:0,ERC721BalanceChangeEnforcer._getHashKey
DA:155,0
FNF:5
FNH:0
LF:24
LH:0
BRF:10
BRH:0
end_of_record
TN:
SF:src/enforcers/ERC721MultiOperationIncreaseBalanceEnforcer.sol
DA:55,0
FN:55,ERC721MultiOperationIncreaseBalanceEnforcer.getHashKey
FNDA:0,ERC721MultiOperationIncreaseBalanceEnforcer.getHashKey
DA:56,0
DA:69,0
FN:69,ERC721MultiOperationIncreaseBalanceEnforcer.beforeAllHook
FNDA:0,ERC721MultiOperationIncreaseBalanceEnforcer.beforeAllHook
DA:82,0
DA:83,0
BRDA:83,0,0,-
BRDA:83,0,1,-
DA:84,0
DA:86,0
DA:88,0
DA:90,0
BRDA:90,1,0,-
DA:91,0
DA:92,0
DA:95,0
DA:96,0
DA:98,0
DA:100,0
DA:110,0
FN:110,ERC721MultiOperationIncreaseBalanceEnforcer.afterAllHook
FNDA:0,ERC721MultiOperationIncreaseBalanceEnforcer.afterAllHook
DA:122,0
DA:123,0
DA:125,0
DA:128,0
BRDA:128,2,0,-
DA:130,0
DA:132,0
DA:134,0
BRDA:134,3,0,-
BRDA:134,3,1,-
DA:139,0
DA:150,0
FN:150,ERC721MultiOperationIncreaseBalanceEnforcer.getTermsInfo
FNDA:0,ERC721MultiOperationIncreaseBalanceEnforcer.getTermsInfo
DA:151,0
BRDA:151,4,0,-
BRDA:151,4,1,-
DA:152,0
DA:153,0
DA:154,0
DA:162,0
FN:162,ERC721MultiOperationIncreaseBalanceEnforcer._getHashKey
FNDA:0,ERC721MultiOperationIncreaseBalanceEnforcer._getHashKey
DA:163,0
FNF:5
FNH:0
LF:31
LH:0
BRF:8
BRH:0
end_of_record
TN:
SF:src/enforcers/ERC721TransferEnforcer.sol
DA:24,0
FN:24,ERC721TransferEnforcer.beforeHook
FNDA:0,ERC721TransferEnforcer.beforeHook
DA:39,0
DA:40,0
DA:44,0
BRDA:44,0,0,-
DA:45,0
DA:49,0
DA:51,0
BRDA:51,1,0,-
DA:52,0
DA:55,0
DA:57,0
BRDA:57,2,0,-
DA:58,0
DA:62,0
DA:63,0
DA:64,0
BRDA:64,3,0,-
DA:65,0
DA:68,0
BRDA:68,4,0,-
DA:69,0
DA:73,0
FN:73,ERC721TransferEnforcer.getTermsInfo
FNDA:0,ERC721TransferEnforcer.getTermsInfo
DA:74,0
BRDA:74,5,0,-
DA:75,0
DA:76,0
FNF:2
FNH:0
LF:21
LH:0
BRF:6
BRH:0
end_of_record
TN:
SF:src/enforcers/ExactCalldataBatchEnforcer.sol
DA:27,0
FN:27,ExactCalldataBatchEnforcer.beforeHook
FNDA:0,ExactCalldataBatchEnforcer.beforeHook
DA:42,0
DA:43,0
DA:46,0
BRDA:46,0,0,-
BRDA:46,0,1,-
DA:49,0
DA:50,0
BRDA:50,1,0,-
BRDA:50,1,1,-
DA:62,0
FN:62,ExactCalldataBatchEnforcer.getTermsInfo
FNDA:0,ExactCalldataBatchEnforcer.getTermsInfo
DA:63,0
FNF:2
FNH:0
LF:8
LH:0
BRF:4
BRH:0
end_of_record
TN:
SF:src/enforcers/ExactCalldataEnforcer.sol
DA:25,0
FN:25,ExactCalldataEnforcer.beforeHook
FNDA:0,ExactCalldataEnforcer.beforeHook
DA:40,0
DA:42,0
DA:44,0
BRDA:44,0,0,-
BRDA:44,0,1,-
DA:52,0
FN:52,ExactCalldataEnforcer.getTermsInfo
FNDA:0,ExactCalldataEnforcer.getTermsInfo
DA:53,0
FNF:2
FNH:0
LF:6
LH:0
BRF:2
BRH:0
end_of_record
TN:
SF:src/enforcers/ExactExecutionBatchEnforcer.sol
DA:27,0
FN:27,ExactExecutionBatchEnforcer.beforeHook
FNDA:0,ExactExecutionBatchEnforcer.beforeHook
DA:42,0
DA:43,0
DA:46,0
BRDA:46,0,0,-
BRDA:46,0,1,-
DA:49,0
BRDA:49,1,0,-
BRDA:49,1,1,-
DA:60,0
FN:60,ExactExecutionBatchEnforcer.getTermsInfo
FNDA:0,ExactExecutionBatchEnforcer.getTermsInfo
DA:61,0
FNF:2
FNH:0
LF:7
LH:0
BRF:4
BRH:0
end_of_record
TN:
SF:src/enforcers/ExactExecutionEnforcer.sol
DA:27,0
FN:27,ExactExecutionEnforcer.beforeHook
FNDA:0,ExactExecutionEnforcer.beforeHook
DA:42,0
DA:50,0
FN:50,ExactExecutionEnforcer.getTermsInfo
FNDA:0,ExactExecutionEnforcer.getTermsInfo
DA:51,0
DA:61,0
FN:61,ExactExecutionEnforcer._validateExecution
FNDA:0,ExactExecutionEnforcer._validateExecution
DA:63,0
DA:65,0
BRDA:65,0,0,-
BRDA:65,0,1,-
FNF:3
FNH:0
LF:7
LH:0
BRF:2
BRH:0
end_of_record
TN:
SF:src/enforcers/IdEnforcer.sol
DA:33,0
FN:33,IdEnforcer.beforeHook
FNDA:0,IdEnforcer.beforeHook
DA:46,0
DA:47,0
BRDA:47,0,0,-
BRDA:47,0,1,-
DA:48,0
DA:49,0
DA:57,0
FN:57,IdEnforcer.getTermsInfo
FNDA:0,IdEnforcer.getTermsInfo
DA:58,0
BRDA:58,1,0,-
BRDA:58,1,1,-
DA:59,0
DA:69,0
FN:69,IdEnforcer.getIsUsed
FNDA:0,IdEnforcer.getIsUsed
DA:70,0
FNF:3
FNH:0
LF:10
LH:0
BRF:4
BRH:0
end_of_record
TN:
SF:src/enforcers/LimitedCallsEnforcer.sol
DA:32,0
FN:32,LimitedCallsEnforcer.beforeHook
FNDA:0,LimitedCallsEnforcer.beforeHook
DA:45,0
DA:46,0
DA:47,0
BRDA:47,0,0,-
BRDA:47,0,1,-
DA:48,0
DA:56,0
FN:56,LimitedCallsEnforcer.getTermsInfo
FNDA:0,LimitedCallsEnforcer.getTermsInfo
DA:57,0
BRDA:57,1,0,-
BRDA:57,1,1,-
DA:58,0
FNF:2
FNH:0
LF:8
LH:0
BRF:4
BRH:0
end_of_record
TN:
SF:src/enforcers/LogicalOrWrapperEnforcer.sol
DA:95,0
FN:95,LogicalOrWrapperEnforcer.constructor
FNDA:0,LogicalOrWrapperEnforcer.constructor
DA:96,0
DA:101,0
FN:101,LogicalOrWrapperEnforcer.onlyDelegationManager
FNDA:0,LogicalOrWrapperEnforcer.onlyDelegationManager
DA:102,0
BRDA:102,0,0,-
BRDA:102,0,1,-
DA:119,0
FN:119,LogicalOrWrapperEnforcer.beforeAllHook
FNDA:0,LogicalOrWrapperEnforcer.beforeAllHook
DA:132,0
DA:151,0
FN:151,LogicalOrWrapperEnforcer.beforeHook
FNDA:0,LogicalOrWrapperEnforcer.beforeHook
DA:165,0
DA:184,0
FN:184,LogicalOrWrapperEnforcer.afterHook
FNDA:0,LogicalOrWrapperEnforcer.afterHook
DA:198,0
DA:217,0
FN:217,LogicalOrWrapperEnforcer.afterAllHook
FNDA:0,LogicalOrWrapperEnforcer.afterAllHook
DA:231,0
DA:250,0
FN:250,LogicalOrWrapperEnforcer._executeHook
FNDA:0,LogicalOrWrapperEnforcer._executeHook
DA:251,0
DA:252,0
DA:254,0
BRDA:254,1,0,-
BRDA:254,1,1,-
DA:256,0
DA:257,0
DA:258,0
BRDA:258,2,0,-
BRDA:258,2,1,-
DA:260,0
DA:261,0
FNF:7
FNH:0
LF:21
LH:0
BRF:6
BRH:0
end_of_record
TN:
SF:src/enforcers/MultiTokenPeriodEnforcer.sol
DA:84,0
FN:84,MultiTokenPeriodEnforcer.getHashKey
FNDA:0,MultiTokenPeriodEnforcer.getHashKey
DA:85,0
DA:100,0
FN:100,MultiTokenPeriodEnforcer.getAvailableAmount
FNDA:0,MultiTokenPeriodEnforcer.getAvailableAmount
DA:110,0
DA:111,0
DA:113,0
DA:114,0
BRDA:114,0,0,-
DA:115,0
DA:119,0
DA:126,0
DA:138,0
FN:138,MultiTokenPeriodEnforcer.getAllTermsInfo
FNDA:0,MultiTokenPeriodEnforcer.getAllTermsInfo
DA:148,0
DA:149,0
BRDA:149,1,0,-
BRDA:149,1,1,-
DA:150,0
DA:151,0
DA:152,0
DA:153,0
DA:154,0
DA:157,0
DA:159,0
DA:161,0
DA:163,0
DA:165,0
DA:167,0
DA:184,0
FN:184,MultiTokenPeriodEnforcer.beforeHook
FNDA:0,MultiTokenPeriodEnforcer.beforeHook
DA:198,0
DA:211,0
FN:211,MultiTokenPeriodEnforcer.getTermsInfo
FNDA:0,MultiTokenPeriodEnforcer.getTermsInfo
DA:219,0
DA:220,0
BRDA:220,2,0,-
BRDA:220,2,1,-
DA:222,0
DA:223,0
BRDA:223,3,0,-
BRDA:223,3,1,-
DA:225,0
DA:226,0
DA:227,0
DA:228,0
DA:229,0
DA:246,0
FN:246,MultiTokenPeriodEnforcer._validateAndConsumeTransfer
FNDA:0,MultiTokenPeriodEnforcer._validateAndConsumeTransfer
DA:255,0
DA:256,0
DA:259,0
DA:261,0
BRDA:261,4,0,-
BRDA:261,4,1,-
DA:263,0
BRDA:263,5,0,-
BRDA:263,5,1,-
DA:264,0
BRDA:264,6,0,-
BRDA:264,6,1,-
DA:265,0
DA:266,0
DA:267,0
BRDA:267,7,0,-
BRDA:267,7,1,-
DA:269,0
BRDA:269,8,0,-
BRDA:269,8,1,-
DA:270,0
DA:271,0
DA:274,0
DA:277,0
DA:279,0
DA:280,0
DA:283,0
BRDA:283,9,0,-
BRDA:283,9,1,-
DA:286,0
DA:287,0
DA:290,0
BRDA:290,10,0,-
DA:291,0
BRDA:291,11,0,-
BRDA:291,11,1,-
DA:292,0
BRDA:292,12,0,-
BRDA:292,12,1,-
DA:293,0
BRDA:293,13,0,-
BRDA:293,13,1,-
DA:294,0
BRDA:294,14,0,-
BRDA:294,14,1,-
DA:296,0
DA:297,0
DA:298,0
DA:302,0
DA:303,0
BRDA:303,15,0,-
BRDA:303,15,1,-
DA:306,0
BRDA:306,16,0,-
DA:307,0
DA:308,0
DA:310,0
DA:312,0
DA:333,0
FN:333,MultiTokenPeriodEnforcer._getAvailableAmount
FNDA:0,MultiTokenPeriodEnforcer._getAvailableAmount
DA:338,0
BRDA:338,17,0,-
DA:339,0
DA:342,0
DA:343,0
DA:344,0
DA:345,0
DA:356,0
FN:356,MultiTokenPeriodEnforcer._getHashKey
FNDA:0,MultiTokenPeriodEnforcer._getHashKey
DA:366,0
DA:381,0
FN:381,MultiTokenPeriodEnforcer._getValues
FNDA:0,MultiTokenPeriodEnforcer._getValues
DA:391,0
DA:392,0
DA:393,0
DA:395,0
FNF:9
FNH:0
LF:85
LH:0
BRF:32
BRH:0
end_of_record
TN:
SF:src/enforcers/NativeBalanceChangeEnforcer.sol
DA:35,0
FN:35,NativeBalanceChangeEnforcer.getHashKey
FNDA:0,NativeBalanceChangeEnforcer.getHashKey
DA:36,0
DA:51,0
FN:51,NativeBalanceChangeEnforcer.beforeHook
FNDA:0,NativeBalanceChangeEnforcer.beforeHook
DA:64,0
DA:65,0
DA:66,0
BRDA:66,0,0,-
BRDA:66,0,1,-
DA:67,0
DA:68,0
DA:80,0
FN:80,NativeBalanceChangeEnforcer.afterHook
FNDA:0,NativeBalanceChangeEnforcer.afterHook
DA:92,0
DA:93,0
DA:95,0
BRDA:95,1,0,-
BRDA:95,1,1,-
DA:96,0
BRDA:96,2,0,-
BRDA:96,2,1,-
DA:98,0
BRDA:98,3,0,-
BRDA:98,3,1,-
DA:116,0
FN:116,NativeBalanceChangeEnforcer.getTermsInfo
FNDA:0,NativeBalanceChangeEnforcer.getTermsInfo
DA:117,0
BRDA:117,4,0,-
BRDA:117,4,1,-
DA:118,0
DA:119,0
DA:120,0
DA:128,0
FN:128,NativeBalanceChangeEnforcer._getHashKey
FNDA:0,NativeBalanceChangeEnforcer._getHashKey
DA:129,0
FNF:5
FNH:0
LF:21
LH:0
BRF:10
BRH:0
end_of_record
TN:
SF:src/enforcers/NativeTokenMultiOperationIncreaseBalanceEnforcer.sol
DA:50,0
FN:50,NativeTokenMultiOperationIncreaseBalanceEnforcer.getHashKey
FNDA:0,NativeTokenMultiOperationIncreaseBalanceEnforcer.getHashKey
DA:51,0
DA:63,0
FN:63,NativeTokenMultiOperationIncreaseBalanceEnforcer.beforeAllHook
FNDA:0,NativeTokenMultiOperationIncreaseBalanceEnforcer.beforeAllHook
DA:76,0
DA:77,0
BRDA:77,0,0,-
BRDA:77,0,1,-
DA:78,0
DA:80,0
DA:82,0
BRDA:82,1,0,-
DA:83,0
DA:84,0
DA:87,0
DA:88,0
DA:90,0
DA:92,0
DA:101,0
FN:101,NativeTokenMultiOperationIncreaseBalanceEnforcer.afterAllHook
FNDA:0,NativeTokenMultiOperationIncreaseBalanceEnforcer.afterAllHook
DA:113,0
DA:114,0
DA:116,0
DA:119,0
BRDA:119,2,0,-
DA:121,0
DA:123,0
BRDA:123,3,0,-
BRDA:123,3,1,-
DA:128,0
DA:141,0
FN:141,NativeTokenMultiOperationIncreaseBalanceEnforcer.getTermsInfo
FNDA:0,NativeTokenMultiOperationIncreaseBalanceEnforcer.getTermsInfo
DA:142,0
BRDA:142,4,0,-
BRDA:142,4,1,-
DA:143,0
DA:144,0
DA:152,0
FN:152,NativeTokenMultiOperationIncreaseBalanceEnforcer._getHashKey
FNDA:0,NativeTokenMultiOperationIncreaseBalanceEnforcer._getHashKey
DA:153,0
FNF:5
FNH:0
LF:28
LH:0
BRF:8
BRH:0
end_of_record
TN:
SF:src/enforcers/NativeTokenPaymentEnforcer.sol
DA:48,0
FN:48,NativeTokenPaymentEnforcer.constructor
FNDA:0,NativeTokenPaymentEnforcer.constructor
DA:49,0
DA:50,0
DA:65,0
FN:65,NativeTokenPaymentEnforcer.afterAllHook
FNDA:0,NativeTokenPaymentEnforcer.afterAllHook
DA:78,0
BRDA:78,0,0,-
BRDA:78,0,1,-
DA:81,0
DA:83,0
DA:85,0
BRDA:85,1,0,-
BRDA:85,1,1,-
DA:87,0
BRDA:87,2,0,-
BRDA:87,2,1,-
DA:93,0
DA:95,0
DA:96,0
DA:98,0
DA:99,0
DA:101,0
DA:102,0
DA:104,0
DA:107,0
DA:110,0
DA:111,0
BRDA:111,3,0,-
BRDA:111,3,1,-
DA:113,0
DA:123,0
FN:123,NativeTokenPaymentEnforcer.getTermsInfo
FNDA:0,NativeTokenPaymentEnforcer.getTermsInfo
DA:124,0
BRDA:124,4,0,-
BRDA:124,4,1,-
DA:126,0
DA:127,0
FNF:3
FNH:0
LF:25
LH:0
BRF:10
BRH:0
end_of_record
TN:
SF:src/enforcers/NativeTokenPeriodTransferEnforcer.sol
DA:74,0
FN:74,NativeTokenPeriodTransferEnforcer.getAvailableAmount
FNDA:0,NativeTokenPeriodTransferEnforcer.getAvailableAmount
DA:83,0
DA:84,0
BRDA:84,0,0,-
DA:87,0
DA:88,0
DA:95,0
DA:111,0
FN:111,NativeTokenPeriodTransferEnforcer.beforeHook
FNDA:0,NativeTokenPeriodTransferEnforcer.beforeHook
DA:125,0
DA:139,0
FN:139,NativeTokenPeriodTransferEnforcer.getTermsInfo
FNDA:0,NativeTokenPeriodTransferEnforcer.getTermsInfo
DA:144,0
BRDA:144,1,0,-
BRDA:144,1,1,-
DA:145,0
DA:146,0
DA:147,0
DA:161,0
FN:161,NativeTokenPeriodTransferEnforcer._validateAndConsumeTransfer
FNDA:0,NativeTokenPeriodTransferEnforcer._validateAndConsumeTransfer
DA:169,0
DA:171,0
DA:173,0
DA:176,0
BRDA:176,2,0,-
DA:178,0
BRDA:178,3,0,-
BRDA:178,3,1,-
DA:179,0
BRDA:179,4,0,-
BRDA:179,4,1,-
DA:180,0
BRDA:180,5,0,-
BRDA:180,5,1,-
DA:183,0
BRDA:183,6,0,-
BRDA:183,6,1,-
DA:185,0
DA:186,0
DA:187,0
DA:191,0
DA:193,0
BRDA:193,7,0,-
BRDA:193,7,1,-
DA:196,0
BRDA:196,8,0,-
DA:197,0
DA:198,0
DA:200,0
DA:202,0
DA:226,0
FN:226,NativeTokenPeriodTransferEnforcer._getAvailableAmount
FNDA:0,NativeTokenPeriodTransferEnforcer._getAvailableAmount
DA:231,0
BRDA:231,9,0,-
DA:232,0
DA:233,0
DA:234,0
DA:235,0
FNF:5
FNH:0
LF:38
LH:0
BRF:16
BRH:0
end_of_record
TN:
SF:src/enforcers/NativeTokenStreamingEnforcer.sol
DA:63,0
FN:63,NativeTokenStreamingEnforcer.getAvailableAmount
FNDA:0,NativeTokenStreamingEnforcer.getAvailableAmount
DA:71,0
DA:72,0
DA:89,0
FN:89,NativeTokenStreamingEnforcer.beforeHook
FNDA:0,NativeTokenStreamingEnforcer.beforeHook
DA:103,0
DA:118,0
FN:118,NativeTokenStreamingEnforcer.getTermsInfo
FNDA:0,NativeTokenStreamingEnforcer.getTermsInfo
DA:123,0
BRDA:123,0,0,-
BRDA:123,0,1,-
DA:125,0
DA:126,0
DA:127,0
DA:128,0
DA:141,0
FN:141,NativeTokenStreamingEnforcer._validateAndConsumeAllowance
FNDA:0,NativeTokenStreamingEnforcer._validateAndConsumeAllowance
DA:149,0
DA:151,0
DA:153,0
BRDA:153,1,0,-
BRDA:153,1,1,-
DA:154,0
BRDA:154,2,0,-
BRDA:154,2,1,-
DA:156,0
DA:157,0
BRDA:157,3,0,-
DA:159,0
DA:160,0
DA:161,0
DA:162,0
DA:165,0
BRDA:165,4,0,-
BRDA:165,4,1,-
DA:167,0
DA:169,0
DA:187,0
FN:187,NativeTokenStreamingEnforcer._getAvailableAmount
FNDA:0,NativeTokenStreamingEnforcer._getAvailableAmount
DA:188,0
BRDA:188,5,0,-
DA:190,0
DA:191,0
DA:193,0
BRDA:193,6,0,-
DA:194,0
DA:197,0
BRDA:197,7,0,-
DA:199,0
FNF:5
FNH:0
LF:33
LH:0
BRF:12
BRH:0
end_of_record
TN:
SF:src/enforcers/NativeTokenTransferAmountEnforcer.sol
DA:37,0
FN:37,NativeTokenTransferAmountEnforcer.beforeHook
FNDA:0,NativeTokenTransferAmountEnforcer.beforeHook
DA:52,0
DA:54,0
DA:56,0
DA:57,0
BRDA:57,0,0,-
BRDA:57,0,1,-
DA:59,0
DA:67,0
FN:67,NativeTokenTransferAmountEnforcer.getTermsInfo
FNDA:0,NativeTokenTransferAmountEnforcer.getTermsInfo
DA:68,0
FNF:2
FNH:0
LF:8
LH:0
BRF:2
BRH:0
end_of_record
TN:
SF:src/enforcers/NonceEnforcer.sol
DA:29,0
FN:29,NonceEnforcer.beforeHook
FNDA:0,NonceEnforcer.beforeHook
DA:43,0
DA:44,0
BRDA:44,0,0,-
BRDA:44,0,1,-
DA:52,0
FN:52,NonceEnforcer.getTermsInfo
FNDA:0,NonceEnforcer.getTermsInfo
DA:53,0
BRDA:53,1,0,-
BRDA:53,1,1,-
DA:54,0
DA:62,0
FN:62,NonceEnforcer.incrementNonce
FNDA:0,NonceEnforcer.incrementNonce
DA:63,0
DA:65,0
DA:67,0
FNF:3
FNH:0
LF:10
LH:0
BRF:4
BRH:0
end_of_record
TN:
SF:src/enforcers/OwnershipTransferEnforcer.sol
DA:33,0
FN:33,OwnershipTransferEnforcer.beforeHook
FNDA:0,OwnershipTransferEnforcer.beforeHook
DA:47,0
DA:48,0
DA:56,0
FN:56,OwnershipTransferEnforcer.getTermsInfo
FNDA:0,OwnershipTransferEnforcer.getTermsInfo
DA:57,0
BRDA:57,0,0,-
BRDA:57,0,1,-
DA:58,0
DA:67,0
FN:67,OwnershipTransferEnforcer._validateAndEnforce
FNDA:0,OwnershipTransferEnforcer._validateAndEnforce
DA:75,0
DA:77,0
BRDA:77,1,0,-
BRDA:77,1,1,-
DA:79,0
DA:80,0
BRDA:80,2,0,-
BRDA:80,2,1,-
DA:82,0
DA:83,0
BRDA:83,3,0,-
BRDA:83,3,1,-
DA:85,0
FNF:3
FNH:0
LF:14
LH:0
BRF:8
BRH:0
end_of_record
TN:
SF:src/enforcers/RedeemerEnforcer.sol
DA:23,0
FN:23,RedeemerEnforcer.beforeHook
FNDA:0,RedeemerEnforcer.beforeHook
DA:37,0
DA:38,0
DA:39,0
DA:40,0
BRDA:40,0,0,-
DA:42,0
DA:50,0
FN:50,RedeemerEnforcer.getTermsInfo
FNDA:0,RedeemerEnforcer.getTermsInfo
DA:51,0
DA:52,0
DA:53,0
BRDA:53,1,0,-
BRDA:53,1,1,-
DA:54,0
DA:55,0
DA:56,0
DA:57,0
FNF:2
FNH:0
LF:14
LH:0
BRF:3
BRH:0
end_of_record
TN:
SF:src/enforcers/SpecificActionERC20TransferBatchEnforcer.sol
DA:58,0
FN:58,SpecificActionERC20TransferBatchEnforcer.beforeHook
FNDA:0,SpecificActionERC20TransferBatchEnforcer.beforeHook
DA:73,0
BRDA:73,0,0,-
DA:74,0
DA:78,0
DA:81,0
DA:84,0
BRDA:84,1,0,-
DA:85,0
DA:89,0
DA:93,0
DA:94,0
DA:95,0
BRDA:95,2,0,-
DA:96,0
DA:101,0
DA:102,0
DA:103,0
DA:104,0
DA:105,0
BRDA:105,3,0,-
DA:106,0
DA:109,0
DA:117,0
FN:117,SpecificActionERC20TransferBatchEnforcer.getTermsInfo
FNDA:0,SpecificActionERC20TransferBatchEnforcer.getTermsInfo
DA:119,0
BRDA:119,4,0,-
BRDA:119,4,1,-
DA:122,0
DA:125,0
DA:128,0
DA:131,0
DA:134,0
DA:137,0
FNF:2
FNH:0
LF:27
LH:0
BRF:6
BRH:0
end_of_record
TN:
SF:src/enforcers/TimestampEnforcer.sol
DA:22,0
FN:22,TimestampEnforcer.beforeHook
FNDA:0,TimestampEnforcer.beforeHook
DA:36,0
DA:38,0
BRDA:38,0,0,-
DA:40,0
BRDA:40,1,0,-
BRDA:40,1,1,-
DA:43,0
BRDA:43,2,0,-
DA:45,0
BRDA:45,3,0,-
BRDA:45,3,1,-
DA:55,0
FN:55,TimestampEnforcer.getTermsInfo
FNDA:0,TimestampEnforcer.getTermsInfo
DA:60,0
BRDA:60,4,0,-
BRDA:60,4,1,-
DA:61,0
DA:62,0
FNF:2
FNH:0
LF:10
LH:0
BRF:8
BRH:0
end_of_record
TN:
SF:src/enforcers/ValueLteEnforcer.sol
DA:25,0
FN:25,ValueLteEnforcer.beforeHook
FNDA:0,ValueLteEnforcer.beforeHook
DA:40,0
DA:41,0
DA:42,0
BRDA:42,0,0,-
BRDA:42,0,1,-
DA:50,0
FN:50,ValueLteEnforcer.getTermsInfo
FNDA:0,ValueLteEnforcer.getTermsInfo
DA:51,0
BRDA:51,1,0,-
BRDA:51,1,1,-
DA:52,0
FNF:2
FNH:0
LF:7
LH:0
BRF:4
BRH:0
end_of_record
TN:
SF:src/helpers/BridgeDecoder.sol
DA:22,0
FN:22,BridgeDecoder.decodeOuterBridgeCalldata
FNDA:0,BridgeDecoder.decodeOuterBridgeCalldata
DA:27,0
DA:35,0
FN:35,BridgeDecoder.decodeBridgeAdapterTail
FNDA:0,BridgeDecoder.decodeBridgeAdapterTail
DA:40,0
FNF:2
FNH:0
LF:4
LH:0
BRF:0
BRH:0
end_of_record
TN:
SF:src/helpers/DelegationMetaSwapAdapter.sol
DA:193,0
FN:193,DelegationMetaSwapAdapter.onlyAllowedCaller
FNDA:0,DelegationMetaSwapAdapter.onlyAllowedCaller
DA:194,0
BRDA:194,0,0,-
DA:209,0
FN:209,DelegationMetaSwapAdapter.constructor
FNDA:0,DelegationMetaSwapAdapter.constructor
DA:219,0
DA:220,0
DA:221,0
BRDA:221,1,0,-
DA:222,0
DA:225,0
DA:226,0
DA:227,0
DA:228,0
DA:229,0
DA:230,0
DA:231,0
DA:252,0
FN:252,DelegationMetaSwapAdapter.swapByDelegation
FNDA:0,DelegationMetaSwapAdapter.swapByDelegation
DA:260,0
DA:261,0
BRDA:261,2,0,-
DA:263,0
DA:265,0
DA:266,0
DA:269,0
DA:271,0
DA:273,0
DA:275,0
DA:276,0
DA:278,0
DA:279,0
DA:281,0
DA:283,0
BRDA:283,3,0,-
BRDA:283,3,1,-
DA:284,0
DA:286,0
DA:287,0
DA:290,0
DA:292,0
DA:299,0
FN:299,DelegationMetaSwapAdapter.setSwapApiSigner
FNDA:0,DelegationMetaSwapAdapter.setSwapApiSigner
DA:300,0
BRDA:300,4,0,-
DA:301,0
DA:302,0
DA:312,0
FN:312,DelegationMetaSwapAdapter.withdraw
FNDA:0,DelegationMetaSwapAdapter.withdraw
DA:313,0
DA:322,0
FN:322,DelegationMetaSwapAdapter.updateAllowedCallers
FNDA:0,DelegationMetaSwapAdapter.updateAllowedCallers
DA:323,0
DA:324,0
BRDA:324,5,0,-
DA:326,0
DA:327,0
DA:328,0
DA:329,0
BRDA:329,6,0,-
DA:330,0
DA:331,0
DA:334,0
DA:346,0
FN:346,DelegationMetaSwapAdapter.setPairLimits
FNDA:0,DelegationMetaSwapAdapter.setPairLimits
DA:347,0
DA:348,0
DA:349,0
DA:351,0
DA:352,0
DA:353,0
BRDA:353,7,0,-
DA:354,0
BRDA:354,8,0,-
DA:355,0
BRDA:355,9,0,-
DA:357,0
DA:358,0
DA:361,0
DA:375,0
FN:375,DelegationMetaSwapAdapter.getPairLimit
FNDA:0,DelegationMetaSwapAdapter.getPairLimit
DA:376,0
DA:385,0
FN:385,DelegationMetaSwapAdapter._validateSignature
FNDA:0,DelegationMetaSwapAdapter._validateSignature
DA:386,0
BRDA:386,10,0,-
DA:388,0
DA:391,0
DA:393,0
DA:394,0
BRDA:394,11,0,-
DA:404,0
FN:404,DelegationMetaSwapAdapter._validatePairPolicy
FNDA:0,DelegationMetaSwapAdapter._validatePairPolicy
DA:413,0
DA:414,0
BRDA:414,12,0,-
DA:416,0
BRDA:416,13,0,-
DA:417,0
DA:419,0
BRDA:419,14,0,-
DA:420,0
DA:428,0
FN:428,DelegationMetaSwapAdapter._resolveRecipient
FNDA:0,DelegationMetaSwapAdapter._resolveRecipient
DA:429,0
BRDA:429,15,0,-
DA:430,0
BRDA:430,16,0,-
DA:431,0
DA:432,0
BRDA:432,15,1,-
DA:433,0
DA:444,0
FN:444,DelegationMetaSwapAdapter._sendTokens
FNDA:0,DelegationMetaSwapAdapter._sendTokens
DA:445,0
BRDA:445,17,0,-
BRDA:445,17,1,-
DA:446,0
DA:448,0
BRDA:448,18,0,-
DA:450,0
DA:453,0
DA:460,0
FN:460,DelegationMetaSwapAdapter._swapTokens
FNDA:0,DelegationMetaSwapAdapter._swapTokens
DA:471,0
DA:472,0
BRDA:472,19,0,-
DA:474,0
DA:475,0
BRDA:475,20,0,-
BRDA:475,20,1,-
DA:476,0
DA:478,0
DA:479,0
BRDA:479,21,0,-
DA:480,0
DA:484,0
DA:486,0
DA:488,0
DA:490,0
DA:497,0
FN:497,DelegationMetaSwapAdapter._decodeApiData
FNDA:0,DelegationMetaSwapAdapter._decodeApiData
DA:502,0
DA:503,0
BRDA:503,22,0,-
DA:505,0
DA:506,0
DA:509,0
DA:516,0
DA:521,0
BRDA:521,23,0,-
DA:523,0
BRDA:523,24,0,-
DA:525,0
DA:532,0
FN:532,DelegationMetaSwapAdapter._getSelfBalance
FNDA:0,DelegationMetaSwapAdapter._getSelfBalance
DA:533,0
BRDA:533,25,0,-
DA:535,0
DA:543,0
FN:543,DelegationMetaSwapAdapter._canonNative
FNDA:0,DelegationMetaSwapAdapter._canonNative
DA:544,0
FNF:16
FNH:0
LF:117
LH:0
BRF:30
BRH:0
end_of_record
TN:
SF:src/helpers/TreasuryManager.sol
DA:155,8
FN:155,TreasuryManager.onlyAllowedCaller
FNDA:8,TreasuryManager.onlyAllowedCaller
DA:156,8
BRDA:156,0,0,1
DA:171,79
FN:171,TreasuryManager.constructor
FNDA:79,TreasuryManager.constructor
DA:184,79
DA:185,76
DA:186,4
BRDA:186,1,0,4
DA:187,4
DA:190,75
DA:191,75
DA:192,75
DA:193,75
DA:194,75
DA:195,75
DA:196,75
DA:211,7
FN:211,TreasuryManager.transfer
FNDA:7,TreasuryManager.transfer
DA:221,6
BRDA:221,2,0,1
DA:222,5
BRDA:222,3,0,1
DA:224,4
DA:226,3
DA:237,13
FN:237,TreasuryManager.swap
FNDA:13,TreasuryManager.swap
DA:245,13
DA:247,9
DA:248,9
DA:250,6
DA:251,6
BRDA:251,4,0,1
DA:253,5
DA:255,2
DA:257,2
DA:268,10
FN:268,TreasuryManager.bridge
FNDA:10,TreasuryManager.bridge
DA:276,10
DA:278,8
DA:284,8
DA:286,5
DA:288,2
DA:290,2
DA:305,8
FN:305,TreasuryManager.wrapStEth
FNDA:8,TreasuryManager.wrapStEth
DA:314,7
BRDA:314,5,0,1
DA:315,6
BRDA:315,6,0,1
DA:316,5
BRDA:316,7,0,1
DA:321,4
DA:322,4
DA:324,4
DA:326,3
DA:328,3
DA:329,3
DA:330,3
DA:332,3
DA:333,3
DA:340,3
FN:340,TreasuryManager.setApiSigner
FNDA:3,TreasuryManager.setApiSigner
DA:341,2
DA:349,82
FN:349,TreasuryManager.setPairLimits
FNDA:82,TreasuryManager.setPairLimits
DA:350,81
DA:351,81
DA:352,81
DA:354,81
DA:355,81
DA:356,81
BRDA:356,8,0,1
DA:357,80
BRDA:357,9,0,1
DA:358,79
BRDA:358,10,0,1
DA:360,78
DA:361,78
DA:366,78
DA:377,5
FN:377,TreasuryManager.updateAllowedBridgeDestinations
FNDA:5,TreasuryManager.updateAllowedBridgeDestinations
DA:385,5
DA:386,5
BRDA:386,11,0,1
DA:387,4
DA:388,4
DA:389,4
DA:390,4
BRDA:390,12,0,4
DA:391,4
DA:392,4
DA:395,4
DA:408,4
FN:408,TreasuryManager.updateAllowedBridgeTokensTo
FNDA:4,TreasuryManager.updateAllowedBridgeTokensTo
DA:416,4
DA:417,4
BRDA:417,13,0,1
DA:418,3
DA:419,3
DA:420,3
DA:421,3
BRDA:421,14,0,3
DA:422,3
DA:423,3
DA:426,3
DA:436,77
FN:436,TreasuryManager.updateAllowedCallers
FNDA:77,TreasuryManager.updateAllowedCallers
DA:437,76
DA:438,76
BRDA:438,15,0,1
DA:439,75
DA:440,75
DA:441,75
DA:442,75
BRDA:442,16,0,74
DA:443,74
DA:444,74
DA:447,75
DA:457,77
FN:457,TreasuryManager.updateAllowedDestWallets
FNDA:77,TreasuryManager.updateAllowedDestWallets
DA:458,77
DA:459,77
BRDA:459,17,0,1
DA:460,76
DA:461,76
DA:462,76
DA:463,76
BRDA:463,18,0,76
DA:464,76
DA:465,76
DA:468,76
DA:480,75
FN:480,TreasuryManager.updateAllowedTokensTo
FNDA:75,TreasuryManager.updateAllowedTokensTo
DA:481,75
DA:482,75
BRDA:482,19,0,1
DA:483,74
DA:484,74
DA:485,74
DA:486,74
BRDA:486,20,0,74
DA:487,74
DA:488,74
DA:491,74
DA:501,6
FN:501,TreasuryManager.updateDestinationChains
FNDA:6,TreasuryManager.updateDestinationChains
DA:502,6
DA:503,6
BRDA:503,21,0,1
DA:504,5
DA:505,5
DA:506,5
DA:507,5
BRDA:507,22,0,5
DA:508,5
DA:509,5
DA:512,5
DA:523,3
FN:523,TreasuryManager.withdraw
FNDA:3,TreasuryManager.withdraw
DA:524,2
DA:533,3
FN:533,TreasuryManager.getPairLimit
FNDA:3,TreasuryManager.getPairLimit
DA:534,8
DA:541,21
FN:541,TreasuryManager._validateSignature
FNDA:21,TreasuryManager._validateSignature
DA:542,21
BRDA:542,23,0,1
DA:544,20
DA:553,20
DA:555,20
DA:556,20
BRDA:556,24,0,1
DA:560,77
FN:560,TreasuryManager._setApiSigner
FNDA:77,TreasuryManager._setApiSigner
DA:561,77
BRDA:561,25,0,2
DA:562,75
DA:563,75
DA:567,23
FN:567,TreasuryManager._validateSignedSwapOrBridge
FNDA:23,TreasuryManager._validateSignedSwapOrBridge
DA:568,23
BRDA:568,26,0,2
DA:569,21
DA:570,19
BRDA:570,27,0,2
DA:587,12
FN:587,TreasuryManager._redeemTransfer
FNDA:12,TreasuryManager._redeemTransfer
DA:596,12
DA:598,12
DA:599,12
DA:601,12
DA:602,12
DA:604,12
DA:606,12
BRDA:606,28,0,3
BRDA:606,28,1,9
DA:607,3
DA:609,9
DA:613,12
DA:615,12
DA:616,12
BRDA:616,29,0,2
DA:622,10
FN:622,TreasuryManager._sendTokens
FNDA:10,TreasuryManager._sendTokens
DA:623,10
BRDA:623,30,0,3
BRDA:623,30,1,2
DA:624,3
DA:625,3
BRDA:625,31,0,1
DA:627,7
DA:630,9
DA:637,7
FN:637,TreasuryManager._etherValueOrApprove
FNDA:7,TreasuryManager._etherValueOrApprove
DA:638,7
BRDA:638,32,0,1
DA:640,6
BRDA:640,33,0,6
DA:641,6
DA:643,6
DA:650,2
FN:650,TreasuryManager._swapTokens
FNDA:2,TreasuryManager._swapTokens
DA:660,2
DA:662,2
DA:664,2
DA:666,2
DA:668,2
DA:677,2
FN:677,TreasuryManager._bridgeTokens
FNDA:2,TreasuryManager._bridgeTokens
DA:685,2
DA:687,2
DA:688,2
DA:689,2
DA:690,2
BRDA:690,34,0,1
DA:696,5
FN:696,TreasuryManager._validatePairPolicy
FNDA:5,TreasuryManager._validatePairPolicy
DA:705,5
DA:706,5
BRDA:706,35,0,1
DA:707,4
BRDA:707,36,0,1
DA:708,1
DA:710,3
BRDA:710,37,0,1
DA:711,1
DA:722,5
FN:722,TreasuryManager._validateBridgePolicies
FNDA:5,TreasuryManager._validateBridgePolicies
DA:729,5
DA:730,5
BRDA:730,38,0,1
DA:731,4
BRDA:731,39,0,1
DA:732,1
DA:734,3
BRDA:734,40,0,1
DA:742,32
FN:742,TreasuryManager._getSelfBalance
FNDA:32,TreasuryManager._getSelfBalance
DA:743,32
BRDA:743,41,0,6
DA:745,26
DA:751,258
FN:751,TreasuryManager._canonNative
FNDA:258,TreasuryManager._canonNative
DA:752,258
FNF:28
FNH:28
LF:194
LH:194
BRF:44
BRH:44
end_of_record
TN:
SF:src/helpers/libraries/TreasuryCalldataDecoder.sol
DA:81,8
FN:81,TreasuryCalldataDecoder.decodeOuterBridgeCalldata
FNDA:8,TreasuryCalldataDecoder.decodeOuterBridgeCalldata
DA:86,8
DA:87,8
BRDA:87,0,0,1
DA:89,7
DA:90,7
DA:91,7
DA:105,8
FN:105,TreasuryCalldataDecoder.decodeBridgeApiData
FNDA:8,TreasuryCalldataDecoder.decodeBridgeApiData
DA:116,8
DA:117,7
DA:118,7
BRDA:118,1,0,1
DA:119,6
BRDA:119,2,0,1
DA:128,7
FN:128,TreasuryCalldataDecoder.decodeBridgeAdapterTail
FNDA:7,TreasuryCalldataDecoder.decodeBridgeAdapterTail
DA:133,7
DA:141,8
FN:141,TreasuryCalldataDecoder.decodeSwapInner
FNDA:8,TreasuryCalldataDecoder.decodeSwapInner
DA:142,8
DA:170,9
FN:170,TreasuryCalldataDecoder.decodeSwapApiData
FNDA:9,TreasuryCalldataDecoder.decodeSwapApiData
DA:175,9
DA:176,9
BRDA:176,3,0,1
DA:178,8
DA:180,8
DA:181,8
BRDA:181,4,0,1
DA:182,7
BRDA:182,5,0,1
DA:184,6
FNF:5
FNH:5
LF:23
LH:23
BRF:6
BRH:6
end_of_record
TN:
SF:src/libraries/EncoderLib.sol
DA:18,0
FN:18,EncoderLib._getDelegationHash
FNDA:0,EncoderLib._getDelegationHash
DA:19,0
DA:27,0
DA:36,0
FN:36,EncoderLib._getCaveatArrayPacketHash
FNDA:0,EncoderLib._getCaveatArrayPacketHash
DA:37,0
DA:38,0
DA:39,0
DA:41,0
DA:50,0
FN:50,EncoderLib._getCaveatPacketHash
FNDA:0,EncoderLib._getCaveatPacketHash
DA:51,0
DA:52,0
FNF:3
FNH:0
LF:11
LH:0
BRF:0
BRH:0
end_of_record
TN:
SF:src/libraries/P256SCLVerifierLib.sol
DA:27,0
FN:27,P256SCLVerifierLib.isValidPublicKey
FNDA:0,P256SCLVerifierLib.isValidPublicKey
DA:28,0
DA:39,0
FN:39,P256SCLVerifierLib.verifySignature
FNDA:0,P256SCLVerifierLib.verifySignature
DA:41,0
BRDA:41,0,0,-
DA:42,0
DA:45,0
DA:48,0
DA:52,0
DA:53,0
BRDA:53,1,0,-
DA:55,0
FNF:2
FNH:0
LF:10
LH:0
BRF:2
BRH:0
end_of_record
TN:
SF:src/libraries/P256VerifierLib.sol
DA:22,0
FN:22,P256VerifierLib._verifyRawP256Signature
FNDA:0,P256VerifierLib._verifyRawP256Signature
DA:23,0
DA:24,0
DA:25,0
DA:39,0
FN:39,P256VerifierLib._verifyWebAuthnP256Signature
FNDA:0,P256VerifierLib._verifyWebAuthnP256Signature
DA:49,0
DA:51,0
DA:72,0
FN:72,P256VerifierLib._decodeRawP256Signature
FNDA:0,P256VerifierLib._decodeRawP256Signature
DA:73,0
DA:82,0
FN:82,P256VerifierLib._decodeWebAuthnP256Signature
FNDA:0,P256VerifierLib._decodeWebAuthnP256Signature
DA:87,0
FNF:4
FNH:0
LF:11
LH:0
BRF:0
BRH:0
end_of_record
TN:
SF:src/libraries/WebAuthn.sol
DA:13,0
FN:13,WebAuthn.contains
FNDA:0,WebAuthn.contains
DA:14,0
DA:15,0
DA:17,0
DA:18,0
DA:20,0
DA:21,0
BRDA:21,0,0,-
DA:22,0
DA:25,0
BRDA:25,1,0,-
DA:26,0
DA:30,0
DA:41,0
FN:41,WebAuthn.checkAuthFlags
FNDA:0,WebAuthn.checkAuthFlags
DA:43,0
BRDA:43,2,0,-
DA:44,0
DA:50,0
BRDA:50,3,0,-
DA:51,0
DA:56,0
BRDA:56,4,0,-
DA:57,0
BRDA:57,5,0,-
DA:58,0
DA:62,0
DA:115,0
FN:115,WebAuthn.verifySignature
FNDA:0,WebAuthn.verifySignature
DA:132,0
BRDA:132,6,0,-
DA:133,0
DA:136,0
DA:139,0
DA:140,0
BRDA:140,7,0,-
DA:141,0
DA:145,0
DA:146,0
DA:148,0
FNF:3
FNH:0
LF:30
LH:0
BRF:8
BRH:0
end_of_record
TN:
SF:src/libraries/utils/Base64URL.sol
DA:7,0
FN:7,Base64URL.encode
FNDA:0,Base64URL.encode
DA:8,0
DA:9,0
DA:12,0
DA:13,0
BRDA:13,0,0,-
BRDA:13,0,1,-
DA:14,0
BRDA:14,1,0,-
DA:16,0
DA:17,0
DA:19,0
DA:20,0
BRDA:20,2,0,-
BRDA:20,2,1,-
DA:21,0
DA:22,0
BRDA:22,3,0,-
BRDA:22,3,1,-
DA:23,0
DA:25,0
DA:29,0
FNF:1
FNH:0
LF:15
LH:0
BRF:7
BRH:0
end_of_record
TN:
SF:src/utils/SimpleFactory.sol
DA:25,0
FN:25,SimpleFactory.deploy
FNDA:0,SimpleFactory.deploy
DA:26,0
DA:27,0
BRDA:27,0,0,-
DA:28,0
DA:35,0
FN:35,SimpleFactory.computeAddress
FNDA:0,SimpleFactory.computeAddress
DA:36,0
FNF:2
FNH:0
LF:6
LH:0
BRF:1
BRH:0
end_of_record
TN:
SF:test/DeleGatorTestSuite.t.sol
DA:2336,0
FN:2336,UUPSDeleGatorTest.encodeInvalidEmptySignatureRevertReason.0
FNDA:0,UUPSDeleGatorTest.encodeInvalidEmptySignatureRevertReason.0
DA:2337,0
DA:2340,0
FN:2340,UUPSDeleGatorTest.encodeInvalidSignatureRevertReason.0
FNDA:0,UUPSDeleGatorTest.encodeInvalidSignatureRevertReason.0
DA:2341,0
DA:2344,0
FN:2344,UUPSDeleGatorTest.encodeNotEntryPointRevertReason.0
FNDA:0,UUPSDeleGatorTest.encodeNotEntryPointRevertReason.0
DA:2345,0
DA:2350,0
FN:2350,EIP7702DeleGatorTest.encodeInvalidEmptySignatureRevertReason.1
FNDA:0,EIP7702DeleGatorTest.encodeInvalidEmptySignatureRevertReason.1
DA:2351,0
DA:2354,0
FN:2354,EIP7702DeleGatorTest.encodeInvalidSignatureRevertReason.1
FNDA:0,EIP7702DeleGatorTest.encodeInvalidSignatureRevertReason.1
DA:2355,0
DA:2358,0
FN:2358,EIP7702DeleGatorTest.encodeNotEntryPointRevertReason.1
FNDA:0,EIP7702DeleGatorTest.encodeNotEntryPointRevertReason.1
DA:2359,0
DA:2364,0
FN:2364,HybridDeleGator_TestSuite_P256_Test.constructor.0
FNDA:0,HybridDeleGator_TestSuite_P256_Test.constructor.0
DA:2365,0
DA:2366,0
DA:2371,0
FN:2371,HybridDeleGator_TestSuite_EOA_Test.constructor.1
FNDA:0,HybridDeleGator_TestSuite_EOA_Test.constructor.1
DA:2372,0
DA:2373,0
DA:2378,0
FN:2378,MultiSig_TestSuite_Test.constructor.2
FNDA:0,MultiSig_TestSuite_Test.constructor.2
DA:2379,0
DA:2380,0
DA:2385,0
FN:2385,EIP7702Staless_TestSuite_Test.constructor.3
FNDA:0,EIP7702Staless_TestSuite_Test.constructor.3
DA:2386,0
DA:2387,0
FNF:10
FNH:0
LF:24
LH:0
BRF:0
BRH:0
end_of_record
TN:
SF:test/EIP7702StatelessDeleGatorTest.t.sol
DA:280,0
FN:280,EIP7702DeleGatorTestMock._isValidSignature
FNDA:0,EIP7702DeleGatorTestMock._isValidSignature
FNF:1
FNH:0
LF:1
LH:0
BRF:0
BRH:0
end_of_record
TN:
SF:test/enforcers/AllowedCalldataEnforcer.t.sol
DA:20,0
FN:20,DummyContract.stringFn
FNDA:0,DummyContract.stringFn
DA:21,0
FN:21,DummyContract.arrayFn
FNDA:0,DummyContract.arrayFn
FNF:2
FNH:0
LF:2
LH:0
BRF:0
BRH:0
end_of_record
TN:
SF:test/enforcers/CaveatEnforcerBaseTest.t.sol
DA:10,0
FN:10,CaveatEnforcerBaseTest.constructor
FNDA:0,CaveatEnforcerBaseTest.constructor
DA:11,0
DA:12,0
DA:23,0
FN:23,CaveatEnforcerBaseTest.setUp
FNDA:0,CaveatEnforcerBaseTest.setUp
DA:24,0
DA:25,0
DA:26,0
DA:27,0
DA:28,0
FNF:2
FNH:0
LF:9
LH:0
BRF:0
BRH:0
end_of_record
TN:
SF:test/enforcers/DeployedEnforcer.t.sol
DA:314,0
FN:314,Counter.setCount
FNDA:0,Counter.setCount
DA:315,0
DA:318,0
FN:318,Counter.increment
FNDA:0,Counter.increment
DA:319,0
FNF:2
FNH:0
LF:4
LH:0
BRF:0
BRH:0
end_of_record
TN:
SF:test/enforcers/ERC20MultiOperationIncreaseBalanceEnforcer.t.sol
DA:734,0
FN:734,SwapMock.onlySelf
FNDA:0,SwapMock.onlySelf
DA:735,0
BRDA:735,0,0,-
DA:739,0
FN:739,SwapMock.constructor
FNDA:0,SwapMock.constructor
DA:740,0
DA:743,0
FN:743,SwapMock.setTokens
FNDA:0,SwapMock.setTokens
DA:744,0
DA:745,0
DA:749,0
FN:749,SwapMock.swap
FNDA:0,SwapMock.swap
DA:750,0
DA:751,0
DA:753,0
DA:754,0
DA:756,0
DA:757,0
DA:765,0
DA:768,0
DA:769,0
BRDA:769,1,0,-
BRDA:769,1,1,-
DA:772,0
DA:774,0
DA:778,0
FN:778,SwapMock.swapDoubleSpend
FNDA:0,SwapMock.swapDoubleSpend
DA:779,0
DA:780,0
DA:781,0
DA:782,0
DA:784,0
DA:786,0
DA:787,0
DA:788,0
DA:791,0
DA:794,0
DA:795,0
DA:796,0
DA:799,0
DA:803,0
DA:807,0
DA:816,0
FN:816,SwapMock.validateAndTransferUnfair
FNDA:0,SwapMock.validateAndTransferUnfair
DA:818,0
DA:821,0
BRDA:821,2,0,-
BRDA:821,2,1,-
DA:825,0
DA:834,0
FN:834,SwapMock.validateAndTransferFair
FNDA:0,SwapMock.validateAndTransferFair
DA:836,0
DA:838,0
DA:841,0
BRDA:841,3,0,-
BRDA:841,3,1,-
DA:844,0
DA:857,0
FN:857,SwapMock.executeFromExecutor
FNDA:0,SwapMock.executeFromExecutor
DA:865,0
BRDA:865,4,0,-
BRDA:865,4,1,-
DA:867,0
DA:870,0
BRDA:870,5,0,-
DA:871,0
BRDA:871,6,0,-
DA:874,0
DA:876,0
DA:877,0
DA:878,0
FNF:8
FNH:0
LF:53
LH:0
BRF:11
BRH:0
end_of_record
TN:
SF:test/enforcers/ERC20StreamingEnforcer.t.sol
DA:753,0
FN:753,MockERC20.constructor
FNDA:0,MockERC20.constructor
DA:754,0
DA:757,0
FN:757,MockERC20.setHaltTransfer
FNDA:0,MockERC20.setHaltTransfer
DA:758,0
DA:761,0
FN:761,MockERC20.mint
FNDA:0,MockERC20.mint
DA:762,0
DA:765,0
FN:765,MockERC20.transfer
FNDA:0,MockERC20.transfer
DA:766,0
BRDA:766,0,0,-
DA:768,0
FNF:4
FNH:0
LF:9
LH:0
BRF:1
BRH:0
end_of_record
TN:
SF:test/enforcers/ERC20TransferAmountEnforcer.t.sol
DA:455,0
FN:455,MockERC20.constructor
FNDA:0,MockERC20.constructor
DA:456,0
DA:459,0
FN:459,MockERC20.setHaltTransfer
FNDA:0,MockERC20.setHaltTransfer
DA:460,0
DA:463,0
FN:463,MockERC20.mint
FNDA:0,MockERC20.mint
DA:464,0
DA:467,0
FN:467,MockERC20.transfer
FNDA:0,MockERC20.transfer
DA:468,0
BRDA:468,0,0,-
DA:469,0
DA:471,0
FNF:4
FNH:0
LF:10
LH:0
BRF:1
BRH:0
end_of_record
TN:
SF:test/enforcers/ExactCalldataEnforcer.t.sol
DA:320,0
FN:320,DummyContract.arrayFn
FNDA:0,DummyContract.arrayFn
DA:321,0
FN:321,DummyContract.stringFn
FNDA:0,DummyContract.stringFn
FNF:2
FNH:0
LF:2
LH:0
BRF:0
BRH:0
end_of_record
TN:
SF:test/enforcers/NativeTokenPaymentEnforcer.t.sol
DA:743,0
FN:743,MockDelegationManager.redeemDelegations
FNDA:0,MockDelegationManager.redeemDelegations
FNF:1
FNH:0
LF:1
LH:0
BRF:0
BRH:0
end_of_record
TN:
SF:test/helpers/DelegationMetaSwapAdapter.t.sol
DA:75,0
FN:75,DelegationMetaSwapAdapterBaseTest.constructor.0
FNDA:0,DelegationMetaSwapAdapterBaseTest.constructor.0
DA:76,0
DA:77,0
DA:80,0
FN:80,DelegationMetaSwapAdapterBaseTest.setUp
FNDA:0,DelegationMetaSwapAdapterBaseTest.setUp
DA:81,0
DA:82,0
DA:83,0
DA:84,0
DA:85,0
DA:87,0
DA:89,0
DA:97,0
FN:97,DelegationMetaSwapAdapterBaseTest._signSwapPayload
FNDA:0,DelegationMetaSwapAdapterBaseTest._signSwapPayload
DA:107,0
DA:108,0
DA:109,0
DA:110,0
DA:116,0
FN:116,DelegationMetaSwapAdapterBaseTest._buildSigData.0
FNDA:0,DelegationMetaSwapAdapterBaseTest._buildSigData.0
DA:117,0
DA:123,0
FN:123,DelegationMetaSwapAdapterBaseTest._buildSigData.1
FNDA:0,DelegationMetaSwapAdapterBaseTest._buildSigData.1
DA:132,0
DA:133,0
DA:139,0
FN:139,DelegationMetaSwapAdapterBaseTest._buildSigData.2
FNDA:0,DelegationMetaSwapAdapterBaseTest._buildSigData.2
DA:149,0
DA:150,0
DA:155,0
FN:155,DelegationMetaSwapAdapterBaseTest._decodeApiData
FNDA:0,DelegationMetaSwapAdapterBaseTest._decodeApiData
DA:160,0
DA:161,0
DA:164,0
FN:164,DelegationMetaSwapAdapterBaseTest._decodeApiSwapData
FNDA:0,DelegationMetaSwapAdapterBaseTest._decodeApiSwapData
DA:169,0
DA:175,0
FN:175,DelegationMetaSwapAdapterBaseTest._encodeApiData
FNDA:0,DelegationMetaSwapAdapterBaseTest._encodeApiData
DA:185,0
DA:188,0
FN:188,DelegationMetaSwapAdapterBaseTest._encodeSwapData
FNDA:0,DelegationMetaSwapAdapterBaseTest._encodeSwapData
DA:202,0
DA:205,0
FN:205,DelegationMetaSwapAdapterBaseTest._getCaveatsErc20
FNDA:0,DelegationMetaSwapAdapterBaseTest._getCaveatsErc20
DA:206,0
DA:208,0
DA:209,0
DA:210,0
DA:212,0
DA:215,0
DA:218,0
FN:218,DelegationMetaSwapAdapterBaseTest._getCaveatsNativeToken
FNDA:0,DelegationMetaSwapAdapterBaseTest._getCaveatsNativeToken
DA:219,0
DA:221,0
DA:222,0
DA:224,0
DA:227,0
DA:233,0
FN:233,DelegationMetaSwapAdapterBaseTest._getVaultDelegation
FNDA:0,DelegationMetaSwapAdapterBaseTest._getVaultDelegation
DA:234,0
DA:236,0
DA:244,0
DA:247,0
FN:247,DelegationMetaSwapAdapterBaseTest._whiteListCaller
FNDA:0,DelegationMetaSwapAdapterBaseTest._whiteListCaller
DA:248,0
DA:249,0
DA:250,0
DA:251,0
DA:253,0
DA:254,0
DA:260,0
FN:260,DelegationMetaSwapAdapterBaseTest._setPair
FNDA:0,DelegationMetaSwapAdapterBaseTest._setPair
DA:261,0
DA:262,0
DA:269,0
DA:270,0
DA:277,0
FN:277,DelegationMetaSwapAdapterBaseTest._enableDefaultPairs
FNDA:0,DelegationMetaSwapAdapterBaseTest._enableDefaultPairs
DA:278,0
DA:279,0
DA:280,0
DA:281,0
DA:282,0
DA:283,0
DA:284,0
DA:291,0
FN:291,DelegationMetaSwapAdapterBaseTest._mockSafe
FNDA:0,DelegationMetaSwapAdapterBaseTest._mockSafe
DA:292,0
DA:1574,0
FN:1574,MetaSwapMock.constructor.1
FNDA:0,MetaSwapMock.constructor.1
DA:1575,0
DA:1576,0
DA:1579,0
FN:1579,MetaSwapMock.swap
FNDA:0,MetaSwapMock.swap
DA:1580,0
BRDA:1580,3,0,-
BRDA:1580,3,1,-
DA:1582,0
BRDA:1582,4,0,-
DA:1583,0
DA:1586,0
DA:1588,0
BRDA:1588,5,0,-
BRDA:1588,5,1,-
DA:1589,0
DA:1590,0
BRDA:1590,6,0,-
DA:1591,0
BRDA:1591,7,0,-
BRDA:1591,7,1,-
DA:1593,0
DA:1611,0
FN:1611,DelegationMetaSwapAdapterSignatureTest.exposedValidateSignature
FNDA:0,DelegationMetaSwapAdapterSignatureTest.exposedValidateSignature
DA:1612,0
FNF:20
FNH:0
LF:87
LH:0
BRF:8
BRH:0
end_of_record
TN:
SF:test/helpers/TreasuryManager.t.sol
DA:29,12
FN:29,MockDelegationManager.setPull
FNDA:12,MockDelegationManager.setPull
DA:30,12
DA:31,12
DA:32,12
DA:33,12
DA:36,1
FN:36,MockDelegationManager.setPullShortBy
FNDA:1,MockDelegationManager.setPullShortBy
DA:37,1
DA:40,12
FN:40,MockDelegationManager.redeemDelegations
FNDA:12,MockDelegationManager.redeemDelegations
DA:41,12
DA:42,12
BRDA:42,0,0,3
BRDA:42,0,1,3
DA:43,3
DA:45,9
DA:49,0
FN:49,MockDelegationManager.pause
FNDA:0,MockDelegationManager.pause
DA:50,0
FN:50,MockDelegationManager.unpause
FNDA:0,MockDelegationManager.unpause
DA:51,0
FN:51,MockDelegationManager.enableDelegation
FNDA:0,MockDelegationManager.enableDelegation
DA:52,0
FN:52,MockDelegationManager.disableDelegation
FNDA:0,MockDelegationManager.disableDelegation
DA:54,0
FN:54,MockDelegationManager.disabledDelegations
FNDA:0,MockDelegationManager.disabledDelegations
DA:55,0
DA:58,0
FN:58,MockDelegationManager.getDelegationHash
FNDA:0,MockDelegationManager.getDelegationHash
DA:59,0
DA:62,0
FN:62,MockDelegationManager.getDomainHash
FNDA:0,MockDelegationManager.getDomainHash
DA:63,0
DA:72,72
FN:72,MockMetaSwap.constructor.0
FNDA:72,MockMetaSwap.constructor.0
DA:73,72
DA:76,2
FN:76,MockMetaSwap.swap
FNDA:2,MockMetaSwap.swap
DA:77,2
BRDA:77,1,0,1
DA:78,1
DA:80,2
DA:89,1
FN:89,MockMetaBridge.setNoOp
FNDA:1,MockMetaBridge.setNoOp
DA:90,1
DA:93,2
FN:93,MockMetaBridge.bridge
FNDA:2,MockMetaBridge.bridge
DA:94,2
BRDA:94,2,0,2
DA:95,1
BRDA:95,3,0,1
DA:96,1
DA:102,1
FN:102,NativeRejecter.receive
FNDA:1,NativeRejecter.receive
DA:103,1
DA:114,3
FN:114,MockStEth.setShortBy
FNDA:3,MockStEth.setShortBy
DA:115,3
DA:118,0
FN:118,MockStEth.transfer
FNDA:0,MockStEth.transfer
DA:119,0
DA:122,7
FN:122,MockStEth.transferFrom
FNDA:7,MockStEth.transferFrom
DA:125,7
DA:126,7
DA:134,72
FN:134,MockWstEth.constructor.1
FNDA:72,MockWstEth.constructor.1
DA:135,72
DA:138,3
FN:138,MockWstEth.wrap
FNDA:3,MockWstEth.wrap
DA:139,3
DA:140,3
DA:141,3
FNF:20
FNH:12
LF:49
LH:37
BRF:5
BRH:5
end_of_record
TN:
SF:test/utils/AccountSorterLib.t.sol
DA:7,0
FN:7,AccountSorterLib.sortAddressesWithPrivateKeys
FNDA:0,AccountSorterLib.sortAddressesWithPrivateKeys
DA:15,0
BRDA:15,0,0,-
BRDA:15,0,1,-
DA:16,0
DA:17,0
DA:22,0
FN:22,AccountSorterLib._quickSort
FNDA:0,AccountSorterLib._quickSort
DA:23,0
BRDA:23,1,0,-
DA:24,0
DA:25,0
DA:26,0
DA:30,0
FN:30,AccountSorterLib._partition
FNDA:0,AccountSorterLib._partition
DA:40,0
DA:41,0
DA:43,0
DA:44,0
BRDA:44,2,0,-
DA:45,0
DA:46,0
DA:47,0
DA:51,0
DA:52,0
DA:54,0
FNF:3
FNH:0
LF:20
LH:0
BRF:4
BRH:0
end_of_record
TN:
SF:test/utils/BaseTest.t.sol
DA:79,0
FN:79,BaseTest.setUp
FNDA:0,BaseTest.setUp
DA:81,0
DA:82,0
DA:85,0
DA:86,0
DA:89,0
DA:90,0
DA:93,0
DA:94,0
DA:97,0
DA:98,0
DA:101,0
DA:102,0
DA:104,0
DA:105,0
DA:107,0
DA:108,0
DA:111,0
DA:114,0
DA:115,0
DA:120,0
FN:120,BaseTest.signHash.0
FNDA:0,BaseTest.signHash.0
DA:121,0
DA:124,0
FN:124,BaseTest.signHash.1
FNDA:0,BaseTest.signHash.1
DA:125,0
BRDA:125,0,0,-
BRDA:125,0,1,-
DA:126,0
DA:127,0
BRDA:127,1,0,-
BRDA:127,1,1,-
DA:128,0
DA:129,0
DA:130,0
DA:131,0
BRDA:131,2,0,-
BRDA:131,2,1,-
DA:132,0
DA:134,0
DA:140,0
FN:140,BaseTest.signDelegation
FNDA:0,BaseTest.signDelegation
DA:148,0
DA:149,0
DA:150,0
DA:151,0
DA:162,0
FN:162,BaseTest.createUserOp.0
FNDA:0,BaseTest.createUserOp.0
DA:176,0
DA:178,0
DA:192,0
FN:192,BaseTest.createUserOp.1
FNDA:0,BaseTest.createUserOp.1
DA:205,0
DA:219,0
FN:219,BaseTest.createUserOp.2
FNDA:0,BaseTest.createUserOp.2
DA:226,0
DA:230,0
FN:230,BaseTest.createUserOp.3
FNDA:0,BaseTest.createUserOp.3
DA:238,0
DA:242,0
FN:242,BaseTest.createUserOp.4
FNDA:0,BaseTest.createUserOp.4
DA:250,0
DA:254,0
FN:254,BaseTest.createUserOp.5
FNDA:0,BaseTest.createUserOp.5
DA:264,0
DA:265,0
DA:266,0
DA:269,0
DA:271,0
DA:277,0
FN:277,BaseTest.createUserOp.6
FNDA:0,BaseTest.createUserOp.6
DA:286,0
DA:291,0
FN:291,BaseTest.getPackedUserOperationTypedDataHash
FNDA:0,BaseTest.getPackedUserOperationTypedDataHash
DA:292,0
DA:297,0
FN:297,BaseTest.signUserOp
FNDA:0,BaseTest.signUserOp
DA:305,0
DA:306,0
DA:309,0
FN:309,BaseTest.createAndSignUserOp.0
FNDA:0,BaseTest.createAndSignUserOp.0
DA:318,0
DA:319,0
DA:322,0
FN:322,BaseTest.createAndSignUserOp.1
FNDA:0,BaseTest.createAndSignUserOp.1
DA:332,0
DA:333,0
DA:336,0
FN:336,BaseTest.createAndSignUserOp.2
FNDA:0,BaseTest.createAndSignUserOp.2
DA:344,0
DA:347,0
FN:347,BaseTest.execute_UserOp.0
FNDA:0,BaseTest.execute_UserOp.0
DA:348,0
DA:351,0
FN:351,BaseTest.execute_UserOp.1
FNDA:0,BaseTest.execute_UserOp.1
DA:352,0
DA:355,0
FN:355,BaseTest.execute_UserOp.2
FNDA:0,BaseTest.execute_UserOp.2
DA:363,0
DA:368,0
DA:369,0
DA:370,0
DA:376,0
FN:376,BaseTest.execute_UserOp.3
FNDA:0,BaseTest.execute_UserOp.3
DA:377,0
DA:378,0
DA:381,0
FN:381,BaseTest.executeBatch_UserOp
FNDA:0,BaseTest.executeBatch_UserOp
DA:382,0
DA:383,0
DA:384,0
DA:385,0
DA:386,0
DA:389,0
FN:389,BaseTest.invokeDelegation_UserOp.0
FNDA:0,BaseTest.invokeDelegation_UserOp.0
DA:390,0
DA:393,0
FN:393,BaseTest.invokeDelegation_UserOp.1
FNDA:0,BaseTest.invokeDelegation_UserOp.1
DA:401,0
DA:402,0
DA:404,0
DA:405,0
DA:407,0
DA:408,0
DA:410,0
DA:411,0
DA:412,0
DA:413,0
DA:414,0
DA:417,0
FN:417,BaseTest.submitUserOp_Bundler.0
FNDA:0,BaseTest.submitUserOp_Bundler.0
DA:418,0
DA:421,0
FN:421,BaseTest.submitUserOp_Bundler.1
FNDA:0,BaseTest.submitUserOp_Bundler.1
DA:422,0
DA:423,0
DA:424,0
DA:425,0
BRDA:425,3,0,-
DA:426,0
DA:429,0
FN:429,BaseTest.deployDeleGator.0
FNDA:0,BaseTest.deployDeleGator.0
DA:430,0
DA:433,0
FN:433,BaseTest.deployDeleGator.1
FNDA:0,BaseTest.deployDeleGator.1
DA:434,0
BRDA:434,4,0,-
BRDA:434,4,1,-
DA:435,0
DA:436,0
BRDA:436,5,0,-
BRDA:436,5,1,-
DA:437,0
DA:438,0
BRDA:438,6,0,-
BRDA:438,6,1,-
DA:439,0
DA:441,0
DA:445,0
FN:445,BaseTest.deployDeleGator_MultiSig.0
FNDA:0,BaseTest.deployDeleGator_MultiSig.0
DA:446,0
DA:447,0
DA:448,0
DA:451,0
FN:451,BaseTest.deployDeleGator_MultiSig.1
FNDA:0,BaseTest.deployDeleGator_MultiSig.1
DA:452,0
DA:459,0
FN:459,BaseTest.deployDeleGator_Hybrid.0
FNDA:0,BaseTest.deployDeleGator_Hybrid.0
DA:460,0
DA:461,0
DA:462,0
DA:463,0
DA:464,0
DA:465,0
DA:466,0
DA:469,0
FN:469,BaseTest.deployDeleGator_Hybrid.1
FNDA:0,BaseTest.deployDeleGator_Hybrid.1
DA:478,0
DA:486,0
FN:486,BaseTest.deployDeleGator_EIP7702Stateless.0
FNDA:0,BaseTest.deployDeleGator_EIP7702Stateless.0
DA:487,0
DA:490,0
FN:490,BaseTest.deployDeleGator_EIP7702Stateless.1
FNDA:0,BaseTest.deployDeleGator_EIP7702Stateless.1
DA:491,0
DA:492,0
DA:496,0
FN:496,BaseTest.createUser
FNDA:0,BaseTest.createUser
DA:497,0
DA:498,0
DA:499,0
DA:501,0
DA:502,0
DA:503,0
DA:504,0
DA:505,0
DA:507,0
DA:508,0
DA:513,0
FN:513,BaseTest._createUsers
FNDA:0,BaseTest._createUsers
DA:514,0
DA:515,0
DA:516,0
DA:517,0
DA:518,0
DA:519,0
FNF:35
FNH:0
LF:158
LH:0
BRF:13
BRH:0
end_of_record
TN:
SF:test/utils/BasicCF721.t.sol
DA:17,0
FN:17,BasicCF721.constructor
FNDA:0,BasicCF721.constructor
DA:26,0
DA:31,0
FN:31,BasicCF721.setBaseURI
FNDA:0,BasicCF721.setBaseURI
DA:32,0
DA:35,0
FN:35,BasicCF721.mint
FNDA:0,BasicCF721.mint
DA:36,0
DA:37,0
DA:40,0
FN:40,BasicCF721.selfMint
FNDA:0,BasicCF721.selfMint
DA:41,0
DA:44,0
FN:44,BasicCF721.mintWithMetadata
FNDA:0,BasicCF721.mintWithMetadata
DA:45,0
DA:46,0
DA:49,0
FN:49,BasicCF721.tokenURI
FNDA:0,BasicCF721.tokenURI
DA:50,0
DA:55,0
FN:55,BasicCF721._baseURI
FNDA:0,BasicCF721._baseURI
DA:56,0
FNF:7
FNH:0
LF:16
LH:0
BRF:0
BRH:0
end_of_record
TN:
SF:test/utils/BasicERC1155.t.sol
DA:36,0
FN:36,BasicERC1155.burn
FNDA:0,BasicERC1155.burn
DA:37,0
DA:45,0
FN:45,BasicERC1155.mint
FNDA:0,BasicERC1155.mint
DA:46,0
FNF:2
FNH:0
LF:4
LH:0
BRF:0
BRH:0
end_of_record
TN:
SF:test/utils/BasicERC20.t.sol
DA:16,360
FN:16,BasicERC20.constructor
FNDA:360,BasicERC20.constructor
DA:25,360
BRDA:25,0,0,-
DA:33,0
FN:33,BasicERC20.burn
FNDA:0,BasicERC20.burn
DA:34,0
DA:40,217
FN:40,BasicERC20.mint
FNDA:217,BasicERC20.mint
DA:41,217
FNF:3
FNH:2
LF:6
LH:4
BRF:1
BRH:0
end_of_record
TN:
SF:test/utils/Counter.t.sol
DA:17,0
FN:17,Counter.setCount
FNDA:0,Counter.setCount
DA:18,0
DA:21,0
FN:21,Counter.increment
FNDA:0,Counter.increment
DA:22,0
DA:25,0
FN:25,Counter.unsafeIncrement
FNDA:0,Counter.unsafeIncrement
DA:26,0
FNF:3
FNH:0
LF:6
LH:0
BRF:0
BRH:0
end_of_record
TN:
SF:test/utils/CounterWithReceive.t.sol
DA:17,0
FN:17,CounterWithReceive.setCount
FNDA:0,CounterWithReceive.setCount
DA:18,0
DA:21,0
FN:21,CounterWithReceive.increment
FNDA:0,CounterWithReceive.increment
DA:22,0
DA:25,0
FN:25,CounterWithReceive.unsafeIncrement
FNDA:0,CounterWithReceive.unsafeIncrement
DA:26,0
FNF:3
FNH:0
LF:6
LH:0
BRF:0
BRH:0
end_of_record
TN:
SF:test/utils/Eip712Lib.t.sol
DA:9,0
FN:9,Eip712Lib.createEip712DomainSeparator
FNDA:0,Eip712Lib.createEip712DomainSeparator
DA:19,0
FNF:1
FNH:0
LF:2
LH:0
BRF:0
BRH:0
end_of_record
TN:
SF:test/utils/GasReporter.t.sol
DA:20,0
FN:20,GasReporter.measureGas.0
FNDA:0,GasReporter.measureGas.0
DA:29,0
DA:30,0
DA:31,0
DA:32,0
BRDA:32,0,0,-
BRDA:32,0,1,-
DA:33,0
DA:34,0
DA:36,0
DA:39,0
DA:41,0
BRDA:41,1,0,-
BRDA:41,1,1,-
DA:42,0
BRDA:42,2,0,-
BRDA:42,2,1,-
DA:44,0
BRDA:44,3,0,-
BRDA:44,3,1,-
DA:47,0
DA:56,0
FN:56,GasReporter.measureGas.1
FNDA:0,GasReporter.measureGas.1
DA:57,0
FNF:2
FNH:0
LF:15
LH:0
BRF:8
BRH:0
end_of_record
TN:
SF:test/utils/Invalid1271.t.sol
DA:11,0
FN:11,Invalid1271Returns.isValidSignature.0
FNDA:0,Invalid1271Returns.isValidSignature.0
DA:12,0
DA:21,0
FN:21,Invalid1271Reverts.isValidSignature.1
FNDA:0,Invalid1271Reverts.isValidSignature.1
DA:22,0
FNF:2
FNH:0
LF:4
LH:0
BRF:0
BRH:0
end_of_record
TN:
SF:test/utils/MockCaveatEnforcer.sol
DA:19,0
FN:19,MockCaveatEnforcer.beforeHook
FNDA:0,MockCaveatEnforcer.beforeHook
DA:20,0
DA:27,0
FN:27,MockCaveatEnforcer.afterHook
FNDA:0,MockCaveatEnforcer.afterHook
DA:28,0
FNF:2
FNH:0
LF:4
LH:0
BRF:0
BRH:0
end_of_record
TN:
SF:test/utils/MockFailureCaveatEnforcer.sol
DA:18,0
FN:18,MockFailureCaveatEnforcer.beforeHook
FNDA:0,MockFailureCaveatEnforcer.beforeHook
DA:19,0
DA:26,0
FN:26,MockFailureCaveatEnforcer.afterHook
FNDA:0,MockFailureCaveatEnforcer.afterHook
DA:27,0
FNF:2
FNH:0
LF:4
LH:0
BRF:0
BRH:0
end_of_record
TN:
SF:test/utils/PasswordCaveatEnforcer.t.sol
DA:20,0
FN:20,PasswordEnforcer.beforeHook
FNDA:0,PasswordEnforcer.beforeHook
DA:34,0
DA:35,0
BRDA:35,0,0,-
FNF:1
FNH:0
LF:3
LH:0
BRF:1
BRH:0
end_of_record
TN:
SF:test/utils/SCLWrapperLib.sol
DA:7,0
FN:7,SCL_Wrapper.fallback
FNDA:0,SCL_Wrapper.fallback
DA:8,0
BRDA:8,0,0,-
DA:9,0
DA:11,0
DA:12,0
DA:13,0
DA:14,0
DA:15,0
DA:17,0
FNF:1
FNH:0
LF:9
LH:0
BRF:1
BRH:0
end_of_record
TN:
SF:test/utils/SigningUtilsLib.t.sol
DA:29,0
FN:29,SigningUtilsLib.signHash_EOA
FNDA:0,SigningUtilsLib.signHash_EOA
DA:30,0
DA:31,0
DA:35,0
FN:35,SigningUtilsLib.signHash_MultiSig
FNDA:0,SigningUtilsLib.signHash_MultiSig
DA:36,0
DA:37,0
DA:38,0
DA:39,0
DA:44,0
FN:44,SigningUtilsLib.signHash_P256
FNDA:0,SigningUtilsLib.signHash_P256
DA:53,0
DA:55,0
BRDA:55,0,0,-
DA:56,0
DA:59,0
FNF:3
FNH:0
LF:13
LH:0
BRF:1
BRH:0
end_of_record
TN:
SF:test/utils/StorageUtilsLib.t.sol
DA:20,0
FN:20,StorageUtilsLib.toBool
FNDA:0,StorageUtilsLib.toBool
DA:21,0
DA:23,0
BRDA:23,0,0,-
BRDA:23,0,1,-
DA:25,0
DA:27,0
DA:30,0
DA:41,0
FN:41,StorageUtilsLib.getStorageLocation
FNDA:0,StorageUtilsLib.getStorageLocation
DA:42,0
DA:49,0
FN:49,StorageUtilsLib.toAddress
FNDA:0,StorageUtilsLib.toAddress
DA:50,0
DA:59,0
FN:59,StorageUtilsLib.loadFullArray
FNDA:0,StorageUtilsLib.loadFullArray
DA:61,0
DA:63,0
DA:66,0
DA:68,0
DA:70,0
DA:71,0
DA:72,0
DA:74,0
FNF:4
FNH:0
LF:19
LH:0
BRF:2
BRH:0
end_of_record
TN:
SF:test/utils/UserOperationLib.t.sol
DA:19,0
FN:19,UserOperationLib.getPackedUserOperationHash
FNDA:0,UserOperationLib.getPackedUserOperationHash
DA:20,0
DA:44,0
FN:44,UserOperationLib.getPackedUserOperationTypedDataHash
FNDA:0,UserOperationLib.getPackedUserOperationTypedDataHash
DA:56,0
FNF:2
FNH:0
LF:4
LH:0
BRF:0
BRH:0
end_of_record
